# JRE version: OpenJDK Runtime Environment (Zulu 8.72.0.17-CA-linux64) (8.0_382-b05) (build 1.8.0_382-b05)
# Java VM: OpenJDK 64-Bit Server VM (25.382-b05 mixed mode linux-amd64 compressed oops)
Heap:
 PSYoungGen      total 294912K, used 176832K [0x0000000758300000, 0x0000000791800000, 0x00000007c0000000)
  eden space 294400K, 60% used [0x0000000758300000,0x0000000762f802e0,0x000000076a280000)
  from space 512K, 37% used [0x0000000791780000,0x00000007917b0000,0x0000000791800000)
  to   space 512K, 0% used [0x0000000791700000,0x0000000791700000,0x0000000791780000)
 ParOldGen       total 212992K, used 39769K [0x0000000688800000, 0x0000000695800000, 0x0000000758300000)
  object space 212992K, 18% used [0x0000000688800000,0x000000068aed6550,0x0000000695800000)
 Metaspace       used 19439K, capacity 20433K, committed 20736K, reserved 1067008K
  class space    used 2698K, capacity 3257K, committed 3328K, reserved 1048576K
GC Heap History (10 events):
Event: 78.277 GC heap before
{Heap before GC invocations=100 (full 0):
 PSYoungGen      total 360448K, used 360192K [0x0000000758300000, 0x0000000791800000, 0x00000007c0000000)
  eden space 359936K, 100% used [0x0000000758300000,0x000000076e280000,0x000000076e280000)
  from space 512K, 50% used [0x0000000791700000,0x0000000791740000,0x0000000791780000)
  to   space 512K, 0% used [0x0000000791780000,0x0000000791780000,0x0000000791800000)
 ParOldGen       total 212992K, used 39385K [0x0000000688800000, 0x0000000695800000, 0x0000000758300000)
  object space 212992K, 18% used [0x0000000688800000,0x000000068ae76550,0x0000000695800000)
 Metaspace       used 19439K, capacity 20433K, committed 20736K, reserved 1067008K
  class space    used 2698K, capacity 3257K, committed 3328K, reserved 1048576K
Event: 78.280 GC heap after
Heap after GC invocations=100 (full 0):
 PSYoungGen      total 346112K, used 224K [0x0000000758300000, 0x0000000791800000, 0x00000007c0000000)
  eden space 345600K, 0% used [0x0000000758300000,0x0000000758300000,0x000000076d480000)
  from space 512K, 43% used [0x0000000791780000,0x00000007917b8000,0x0000000791800000)
  to   space 512K, 0% used [0x0000000791700000,0x0000000791700000,0x0000000791780000)
 ParOldGen       total 212992K, used 39473K [0x0000000688800000, 0x0000000695800000, 0x0000000758300000)
  object space 212992K, 18% used [0x0000000688800000,0x000000068ae8c550,0x0000000695800000)
 Metaspace       used 19439K, capacity 20433K, committed 20736K, reserved 1067008K
  class space    used 2698K, capacity 3257K, committed 3328K, reserved 1048576K
}
Event: 79.013 GC heap before
{Heap before GC invocations=101 (full 0):
 PSYoungGen      total 346112K, used 345824K [0x0000000758300000, 0x0000000791800000, 0x00000007c0000000)
  eden space 345600K, 100% used [0x0000000758300000,0x000000076d480000,0x000000076d480000)
  from space 512K, 43% used [0x0000000791780000,0x00000007917b8000,0x0000000791800000)
  to   space 512K, 0% used [0x0000000791700000,0x0000000791700000,0x0000000791780000)
 ParOldGen       total 212992K, used 39473K [0x0000000688800000, 0x0000000695800000, 0x0000000758300000)
  object space 212992K, 18% used [0x0000000688800000,0x000000068ae8c550,0x0000000695800000)
 Metaspace       used 19439K, capacity 20433K, committed 20736K, reserved 1067008K
  class space    used 2698K, capacity 3257K, committed 3328K, reserved 1048576K
Event: 79.018 GC heap after
Heap after GC invocations=101 (full 0):
 PSYoungGen      total 332288K, used 224K [0x0000000758300000, 0x0000000791800000, 0x00000007c0000000)
  eden space 331776K, 0% used [0x0000000758300000,0x0000000758300000,0x000000076c700000)
  from space 512K, 43% used [0x0000000791700000,0x0000000791738000,0x0000000791780000)
  to   space 512K, 0% used [0x0000000791780000,0x0000000791780000,0x0000000791800000)
 ParOldGen       total 212992K, used 39553K [0x0000000688800000, 0x0000000695800000, 0x0000000758300000)
  object space 212992K, 18% used [0x0000000688800000,0x000000068aea0550,0x0000000695800000)
 Metaspace       used 19439K, capacity 20433K, committed 20736K, reserved 1067008K
  class space    used 2698K, capacity 3257K, committed 3328K, reserved 1048576K
}
Event: 79.532 GC heap before
{Heap before GC invocations=102 (full 0):
 PSYoungGen      total 332288K, used 332000K [0x0000000758300000, 0x0000000791800000, 0x00000007c0000000)
  eden space 331776K, 100% used [0x0000000758300000,0x000000076c700000,0x000000076c700000)
  from space 512K, 43% used [0x0000000791700000,0x0000000791738000,0x0000000791780000)
  to   space 512K, 0% used [0x0000000791780000,0x0000000791780000,0x0000000791800000)
 ParOldGen       total 212992K, used 39553K [0x0000000688800000, 0x0000000695800000, 0x0000000758300000)
  object space 212992K, 18% used [0x0000000688800000,0x000000068aea0550,0x0000000695800000)
 Metaspace       used 19439K, capacity 20433K, committed 20736K, reserved 1067008K
  class space    used 2698K, capacity 3257K, committed 3328K, reserved 1048576K
Event: 79.537 GC heap after
Heap after GC invocations=102 (full 0):
 PSYoungGen      total 318976K, used 224K [0x0000000758300000, 0x0000000791800000, 0x00000007c0000000)
  eden space 318464K, 0% used [0x0000000758300000,0x0000000758300000,0x000000076ba00000)
  from space 512K, 43% used [0x0000000791780000,0x00000007917b8000,0x0000000791800000)
  to   space 512K, 0% used [0x0000000791700000,0x0000000791700000,0x0000000791780000)
 ParOldGen       total 212992K, used 39625K [0x0000000688800000, 0x0000000695800000, 0x0000000758300000)
  object space 212992K, 18% used [0x0000000688800000,0x000000068aeb2550,0x0000000695800000)
 Metaspace       used 19439K, capacity 20433K, committed 20736K, reserved 1067008K
  class space    used 2698K, capacity 3257K, committed 3328K, reserved 1048576K
}
Event: 81.152 GC heap before
{Heap before GC invocations=103 (full 0):
 PSYoungGen      total 318976K, used 318688K [0x0000000758300000, 0x0000000791800000, 0x00000007c0000000)
  eden space 318464K, 100% used [0x0000000758300000,0x000000076ba00000,0x000000076ba00000)
  from space 512K, 43% used [0x0000000791780000,0x00000007917b8000,0x0000000791800000)
  to   space 512K, 0% used [0x0000000791700000,0x0000000791700000,0x0000000791780000)
 ParOldGen       total 212992K, used 39625K [0x0000000688800000, 0x0000000695800000, 0x0000000758300000)
  object space 212992K, 18% used [0x0000000688800000,0x000000068aeb2550,0x0000000695800000)
 Metaspace       used 19439K, capacity 20433K, committed 20736K, reserved 1067008K
  class space    used 2698K, capacity 3257K, committed 3328K, reserved 1048576K
Event: 81.158 GC heap after
Heap after GC invocations=103 (full 0):
 PSYoungGen      total 306688K, used 256K [0x0000000758300000, 0x0000000791800000, 0x00000007c0000000)
  eden space 306176K, 0% used [0x0000000758300000,0x0000000758300000,0x000000076ae00000)
  from space 512K, 50% used [0x0000000791700000,0x0000000791740000,0x0000000791780000)
  to   space 512K, 0% used [0x0000000791780000,0x0000000791780000,0x0000000791800000)
 ParOldGen       total 212992K, used 39697K [0x0000000688800000, 0x0000000695800000, 0x0000000758300000)
  object space 212992K, 18% used [0x0000000688800000,0x000000068aec4550,0x0000000695800000)
 Metaspace       used 19439K, capacity 20433K, committed 20736K, reserved 1067008K
  class space    used 2698K, capacity 3257K, committed 3328K, reserved 1048576K
}
Event: 81.729 GC heap before
{Heap before GC invocations=104 (full 0):
 PSYoungGen      total 306688K, used 306432K [0x0000000758300000, 0x0000000791800000, 0x00000007c0000000)
  eden space 306176K, 100% used [0x0000000758300000,0x000000076ae00000,0x000000076ae00000)
  from space 512K, 50% used [0x0000000791700000,0x0000000791740000,0x0000000791780000)
  to   space 512K, 0% used [0x0000000791780000,0x0000000791780000,0x0000000791800000)
 ParOldGen       total 212992K, used 39697K [0x0000000688800000, 0x0000000695800000, 0x0000000758300000)
  object space 212992K, 18% used [0x0000000688800000,0x000000068aec4550,0x0000000695800000)
 Metaspace       used 19439K, capacity 20433K, committed 20736K, reserved 1067008K
  class space    used 2698K, capacity 3257K, committed 3328K, reserved 1048576K
Event: 81.735 GC heap after
Heap after GC invocations=104 (full 0):
 PSYoungGen      total 294912K, used 192K [0x0000000758300000, 0x0000000791800000, 0x00000007c0000000)
  eden space 294400K, 0% used [0x0000000758300000,0x0000000758300000,0x000000076a280000)
  from space 512K, 37% used [0x0000000791780000,0x00000007917b0000,0x0000000791800000)
  to   space 512K, 0% used [0x0000000791700000,0x0000000791700000,0x0000000791780000)
 ParOldGen       total 212992K, used 39769K [0x0000000688800000, 0x0000000695800000, 0x0000000758300000)
  object space 212992K, 18% used [0x0000000688800000,0x000000068aed6550,0x0000000695800000)
 Metaspace       used 19439K, capacity 20433K, committed 20736K, reserved 1067008K
  class space    used 2698K, capacity 3257K, committed 3328K, reserved 1048576K
}

