# JRE version: OpenJDK Runtime Environment (Zulu 8.72.0.17-CA-linux64) (8.0_382-b05) (build 1.8.0_382-b05)
# Java VM: OpenJDK 64-Bit Server VM (25.382-b05 mixed mode linux-amd64 compressed oops)
Heap:
 PSYoungGen      total 205824K, used 20755K [0x0000000758300000, 0x000000077df00000, 0x00000007c0000000)
  eden space 205312K, 9% used [0x0000000758300000,0x000000075970ccb0,0x0000000764b80000)
  from space 512K, 43% used [0x000000077de80000,0x000000077deb8000,0x000000077df00000)
  to   space 1536K, 0% used [0x000000077dc00000,0x000000077dc00000,0x000000077dd80000)
 ParOldGen       total 212992K, used 36044K [0x0000000688800000, 0x0000000695800000, 0x0000000758300000)
  object space 212992K, 16% used [0x0000000688800000,0x000000068ab33330,0x0000000695800000)
 Metaspace       used 19427K, capacity 20425K, committed 20736K, reserved 1067008K
  class space    used 2698K, capacity 3257K, committed 3328K, reserved 1048576K
GC Heap History (10 events):
Event: 37.264 GC heap before
{Heap before GC invocations=54 (full 0):
 PSYoungGen      total 158720K, used 156352K [0x0000000758300000, 0x000000077e300000, 0x00000007c0000000)
  eden space 156160K, 100% used [0x0000000758300000,0x0000000761b80000,0x0000000761b80000)
  from space 2560K, 7% used [0x000000077de00000,0x000000077de30000,0x000000077e080000)
  to   space 2048K, 0% used [0x000000077e100000,0x000000077e100000,0x000000077e300000)
 ParOldGen       total 212992K, used 35755K [0x0000000688800000, 0x0000000695800000, 0x0000000758300000)
  object space 212992K, 16% used [0x0000000688800000,0x000000068aaeafe0,0x0000000695800000)
 Metaspace       used 19427K, capacity 20425K, committed 20736K, reserved 1067008K
  class space    used 2698K, capacity 3257K, committed 3328K, reserved 1048576K
Event: 37.265 GC heap after
Heap after GC invocations=54 (full 0):
 PSYoungGen      total 151552K, used 192K [0x0000000758300000, 0x000000077e180000, 0x00000007c0000000)
  eden space 151040K, 0% used [0x0000000758300000,0x0000000758300000,0x0000000761680000)
  from space 512K, 37% used [0x000000077e100000,0x000000077e130000,0x000000077e180000)
  to   space 2048K, 0% used [0x000000077dd80000,0x000000077dd80000,0x000000077df80000)
 ParOldGen       total 212992K, used 35803K [0x0000000688800000, 0x0000000695800000, 0x0000000758300000)
  object space 212992K, 16% used [0x0000000688800000,0x000000068aaf6fe0,0x0000000695800000)
 Metaspace       used 19427K, capacity 20425K, committed 20736K, reserved 1067008K
  class space    used 2698K, capacity 3257K, committed 3328K, reserved 1048576K
}
Event: 37.405 GC heap before
{Heap before GC invocations=55 (full 0):
 PSYoungGen      total 151552K, used 151232K [0x0000000758300000, 0x000000077e180000, 0x00000007c0000000)
  eden space 151040K, 100% used [0x0000000758300000,0x0000000761680000,0x0000000761680000)
  from space 512K, 37% used [0x000000077e100000,0x000000077e130000,0x000000077e180000)
  to   space 2048K, 0% used [0x000000077dd80000,0x000000077dd80000,0x000000077df80000)
 ParOldGen       total 212992K, used 35803K [0x0000000688800000, 0x0000000695800000, 0x0000000758300000)
  object space 212992K, 16% used [0x0000000688800000,0x000000068aaf6fe0,0x0000000695800000)
 Metaspace       used 19427K, capacity 20425K, committed 20736K, reserved 1067008K
  class space    used 2698K, capacity 3257K, committed 3328K, reserved 1048576K
Event: 37.409 GC heap after
Heap after GC invocations=55 (full 0):
 PSYoungGen      total 184832K, used 280K [0x0000000758300000, 0x000000077e180000, 0x00000007c0000000)
  eden space 182784K, 0% used [0x0000000758300000,0x0000000758300000,0x0000000763580000)
  from space 2048K, 13% used [0x000000077dd80000,0x000000077ddc61a8,0x000000077df80000)
  to   space 2048K, 0% used [0x000000077df80000,0x000000077df80000,0x000000077e180000)
 ParOldGen       total 212992K, used 35851K [0x0000000688800000, 0x0000000695800000, 0x0000000758300000)
  object space 212992K, 16% used [0x0000000688800000,0x000000068ab02fe0,0x0000000695800000)
 Metaspace       used 19427K, capacity 20425K, committed 20736K, reserved 1067008K
  class space    used 2698K, capacity 3257K, committed 3328K, reserved 1048576K
}
Event: 37.577 GC heap before
{Heap before GC invocations=56 (full 0):
 PSYoungGen      total 184832K, used 183064K [0x0000000758300000, 0x000000077e180000, 0x00000007c0000000)
  eden space 182784K, 100% used [0x0000000758300000,0x0000000763580000,0x0000000763580000)
  from space 2048K, 13% used [0x000000077dd80000,0x000000077ddc61a8,0x000000077df80000)
  to   space 2048K, 0% used [0x000000077df80000,0x000000077df80000,0x000000077e180000)
 ParOldGen       total 212992K, used 35851K [0x0000000688800000, 0x0000000695800000, 0x0000000758300000)
  object space 212992K, 16% used [0x0000000688800000,0x000000068ab02fe0,0x0000000695800000)
 Metaspace       used 19427K, capacity 20425K, committed 20736K, reserved 1067008K
  class space    used 2698K, capacity 3257K, committed 3328K, reserved 1048576K
Event: 37.578 GC heap after
Heap after GC invocations=56 (full 0):
 PSYoungGen      total 177152K, used 192K [0x0000000758300000, 0x000000077e000000, 0x00000007c0000000)
  eden space 176640K, 0% used [0x0000000758300000,0x0000000758300000,0x0000000762f80000)
  from space 512K, 37% used [0x000000077df80000,0x000000077dfb0000,0x000000077e000000)
  to   space 2048K, 0% used [0x000000077dc00000,0x000000077dc00000,0x000000077de00000)
 ParOldGen       total 212992K, used 35940K [0x0000000688800000, 0x0000000695800000, 0x0000000758300000)
  object space 212992K, 16% used [0x0000000688800000,0x000000068ab19330,0x0000000695800000)
 Metaspace       used 19427K, capacity 20425K, committed 20736K, reserved 1067008K
  class space    used 2698K, capacity 3257K, committed 3328K, reserved 1048576K
}
Event: 38.018 GC heap before
{Heap before GC invocations=57 (full 0):
 PSYoungGen      total 177152K, used 176832K [0x0000000758300000, 0x000000077e000000, 0x00000007c0000000)
  eden space 176640K, 100% used [0x0000000758300000,0x0000000762f80000,0x0000000762f80000)
  from space 512K, 37% used [0x000000077df80000,0x000000077dfb0000,0x000000077e000000)
  to   space 2048K, 0% used [0x000000077dc00000,0x000000077dc00000,0x000000077de00000)
 ParOldGen       total 212992K, used 35940K [0x0000000688800000, 0x0000000695800000, 0x0000000758300000)
  object space 212992K, 16% used [0x0000000688800000,0x000000068ab19330,0x0000000695800000)
 Metaspace       used 19427K, capacity 20425K, committed 20736K, reserved 1067008K
  class space    used 2698K, capacity 3257K, committed 3328K, reserved 1048576K
Event: 38.019 GC heap after
Heap after GC invocations=57 (full 0):
 PSYoungGen      total 173056K, used 256K [0x0000000758300000, 0x000000077e000000, 0x00000007c0000000)
  eden space 171008K, 0% used [0x0000000758300000,0x0000000758300000,0x0000000762a00000)
  from space 2048K, 12% used [0x000000077dc00000,0x000000077dc40000,0x000000077de00000)
  to   space 1536K, 0% used [0x000000077de80000,0x000000077de80000,0x000000077e000000)
 ParOldGen       total 212992K, used 35980K [0x0000000688800000, 0x0000000695800000, 0x0000000758300000)
  object space 212992K, 16% used [0x0000000688800000,0x000000068ab23330,0x0000000695800000)
 Metaspace       used 19427K, capacity 20425K, committed 20736K, reserved 1067008K
  class space    used 2698K, capacity 3257K, committed 3328K, reserved 1048576K
}
Event: 38.192 GC heap before
{Heap before GC invocations=58 (full 0):
 PSYoungGen      total 173056K, used 171264K [0x0000000758300000, 0x000000077e000000, 0x00000007c0000000)
  eden space 171008K, 100% used [0x0000000758300000,0x0000000762a00000,0x0000000762a00000)
  from space 2048K, 12% used [0x000000077dc00000,0x000000077dc40000,0x000000077de00000)
  to   space 1536K, 0% used [0x000000077de80000,0x000000077de80000,0x000000077e000000)
 ParOldGen       total 212992K, used 35980K [0x0000000688800000, 0x0000000695800000, 0x0000000758300000)
  object space 212992K, 16% used [0x0000000688800000,0x000000068ab23330,0x0000000695800000)
 Metaspace       used 19427K, capacity 20425K, committed 20736K, reserved 1067008K
  class space    used 2698K, capacity 3257K, committed 3328K, reserved 1048576K
Event: 38.197 GC heap after
Heap after GC invocations=58 (full 0):
 PSYoungGen      total 205824K, used 224K [0x0000000758300000, 0x000000077df00000, 0x00000007c0000000)
  eden space 205312K, 0% used [0x0000000758300000,0x0000000758300000,0x0000000764b80000)
  from space 512K, 43% used [0x000000077de80000,0x000000077deb8000,0x000000077df00000)
  to   space 1536K, 0% used [0x000000077dc00000,0x000000077dc00000,0x000000077dd80000)
 ParOldGen       total 212992K, used 36044K [0x0000000688800000, 0x0000000695800000, 0x0000000758300000)
  object space 212992K, 16% used [0x0000000688800000,0x000000068ab33330,0x0000000695800000)
 Metaspace       used 19427K, capacity 20425K, committed 20736K, reserved 1067008K
  class space    used 2698K, capacity 3257K, committed 3328K, reserved 1048576K
}

