# JRE version: OpenJDK Runtime Environment (Zulu 8.72.0.17-CA-linux64) (8.0_382-b05) (build 1.8.0_382-b05)
# Java VM: OpenJDK 64-Bit Server VM (25.382-b05 mixed mode linux-amd64 compressed oops)
Heap:
 PSYoungGen      total 284160K, used 283904K [0x0000000758300000, 0x000000079da00000, 0x00000007c0000000)
  eden space 283648K, 100% used [0x0000000758300000,0x0000000769800000,0x0000000769800000)
  from space 512K, 50% used [0x000000079d980000,0x000000079d9c0000,0x000000079da00000)
  to   space 512K, 0% used [0x000000079d900000,0x000000079d900000,0x000000079d980000)
 ParOldGen       total 212992K, used 147936K [0x0000000688800000, 0x0000000695800000, 0x0000000758300000)
  object space 212992K, 69% used [0x0000000688800000,0x0000000691878338,0x0000000695800000)
 Metaspace       used 19447K, capacity 20433K, committed 20736K, reserved 1067008K
  class space    used 2700K, capacity 3257K, committed 3328K, reserved 1048576K
GC Heap History (10 events):
Event: 1026.878 GC heap before
{Heap before GC invocations=1554 (full 0):
 PSYoungGen      total 346624K, used 346400K [0x0000000758300000, 0x000000079da00000, 0x00000007c0000000)
  eden space 346112K, 100% used [0x0000000758300000,0x000000076d500000,0x000000076d500000)
  from space 512K, 56% used [0x000000079d900000,0x000000079d948000,0x000000079d980000)
  to   space 512K, 0% used [0x000000079d980000,0x000000079d980000,0x000000079da00000)
 ParOldGen       total 212992K, used 147600K [0x0000000688800000, 0x0000000695800000, 0x0000000758300000)
  object space 212992K, 69% used [0x0000000688800000,0x0000000691824338,0x0000000695800000)
 Metaspace       used 19447K, capacity 20433K, committed 20736K, reserved 1067008K
  class space    used 2700K, capacity 3257K, committed 3328K, reserved 1048576K
Event: 1026.883 GC heap after
Heap after GC invocations=1554 (full 0):
 PSYoungGen      total 332800K, used 256K [0x0000000758300000, 0x000000079da00000, 0x00000007c0000000)
  eden space 332288K, 0% used [0x0000000758300000,0x0000000758300000,0x000000076c780000)
  from space 512K, 50% used [0x000000079d980000,0x000000079d9c0000,0x000000079da00000)
  to   space 512K, 0% used [0x000000079d900000,0x000000079d900000,0x000000079d980000)
 ParOldGen       total 212992K, used 147680K [0x0000000688800000, 0x0000000695800000, 0x0000000758300000)
  object space 212992K, 69% used [0x0000000688800000,0x0000000691838338,0x0000000695800000)
 Metaspace       used 19447K, capacity 20433K, committed 20736K, reserved 1067008K
  class space    used 2700K, capacity 3257K, committed 3328K, reserved 1048576K
}
Event: 1027.481 GC heap before
{Heap before GC invocations=1555 (full 0):
 PSYoungGen      total 332800K, used 332544K [0x0000000758300000, 0x000000079da00000, 0x00000007c0000000)
  eden space 332288K, 100% used [0x0000000758300000,0x000000076c780000,0x000000076c780000)
  from space 512K, 50% used [0x000000079d980000,0x000000079d9c0000,0x000000079da00000)
  to   space 512K, 0% used [0x000000079d900000,0x000000079d900000,0x000000079d980000)
 ParOldGen       total 212992K, used 147680K [0x0000000688800000, 0x0000000695800000, 0x0000000758300000)
  object space 212992K, 69% used [0x0000000688800000,0x0000000691838338,0x0000000695800000)
 Metaspace       used 19447K, capacity 20433K, committed 20736K, reserved 1067008K
  class space    used 2700K, capacity 3257K, committed 3328K, reserved 1048576K
Event: 1027.489 GC heap after
Heap after GC invocations=1555 (full 0):
 PSYoungGen      total 319488K, used 224K [0x0000000758300000, 0x000000079da00000, 0x00000007c0000000)
  eden space 318976K, 0% used [0x0000000758300000,0x0000000758300000,0x000000076ba80000)
  from space 512K, 43% used [0x000000079d900000,0x000000079d938000,0x000000079d980000)
  to   space 512K, 0% used [0x000000079d980000,0x000000079d980000,0x000000079da00000)
 ParOldGen       total 212992K, used 147744K [0x0000000688800000, 0x0000000695800000, 0x0000000758300000)
  object space 212992K, 69% used [0x0000000688800000,0x0000000691848338,0x0000000695800000)
 Metaspace       used 19447K, capacity 20433K, committed 20736K, reserved 1067008K
  class space    used 2700K, capacity 3257K, committed 3328K, reserved 1048576K
}
Event: 1028.060 GC heap before
{Heap before GC invocations=1556 (full 0):
 PSYoungGen      total 319488K, used 319200K [0x0000000758300000, 0x000000079da00000, 0x00000007c0000000)
  eden space 318976K, 100% used [0x0000000758300000,0x000000076ba80000,0x000000076ba80000)
  from space 512K, 43% used [0x000000079d900000,0x000000079d938000,0x000000079d980000)
  to   space 512K, 0% used [0x000000079d980000,0x000000079d980000,0x000000079da00000)
 ParOldGen       total 212992K, used 147744K [0x0000000688800000, 0x0000000695800000, 0x0000000758300000)
  object space 212992K, 69% used [0x0000000688800000,0x0000000691848338,0x0000000695800000)
 Metaspace       used 19447K, capacity 20433K, committed 20736K, reserved 1067008K
  class space    used 2700K, capacity 3257K, committed 3328K, reserved 1048576K
Event: 1028.062 GC heap after
Heap after GC invocations=1556 (full 0):
 PSYoungGen      total 307200K, used 256K [0x0000000758300000, 0x000000079da00000, 0x00000007c0000000)
  eden space 306688K, 0% used [0x0000000758300000,0x0000000758300000,0x000000076ae80000)
  from space 512K, 50% used [0x000000079d980000,0x000000079d9c0000,0x000000079da00000)
  to   space 512K, 0% used [0x000000079d900000,0x000000079d900000,0x000000079d980000)
 ParOldGen       total 212992K, used 147816K [0x0000000688800000, 0x0000000695800000, 0x0000000758300000)
  object space 212992K, 69% used [0x0000000688800000,0x000000069185a338,0x0000000695800000)
 Metaspace       used 19447K, capacity 20433K, committed 20736K, reserved 1067008K
  class space    used 2700K, capacity 3257K, committed 3328K, reserved 1048576K
}
Event: 1028.642 GC heap before
{Heap before GC invocations=1557 (full 0):
 PSYoungGen      total 307200K, used 306944K [0x0000000758300000, 0x000000079da00000, 0x00000007c0000000)
  eden space 306688K, 100% used [0x0000000758300000,0x000000076ae80000,0x000000076ae80000)
  from space 512K, 50% used [0x000000079d980000,0x000000079d9c0000,0x000000079da00000)
  to   space 512K, 0% used [0x000000079d900000,0x000000079d900000,0x000000079d980000)
 ParOldGen       total 212992K, used 147816K [0x0000000688800000, 0x0000000695800000, 0x0000000758300000)
  object space 212992K, 69% used [0x0000000688800000,0x000000069185a338,0x0000000695800000)
 Metaspace       used 19447K, capacity 20433K, committed 20736K, reserved 1067008K
  class space    used 2700K, capacity 3257K, committed 3328K, reserved 1048576K
Event: 1028.648 GC heap after
Heap after GC invocations=1557 (full 0):
 PSYoungGen      total 295424K, used 192K [0x0000000758300000, 0x000000079da00000, 0x00000007c0000000)
  eden space 294912K, 0% used [0x0000000758300000,0x0000000758300000,0x000000076a300000)
  from space 512K, 37% used [0x000000079d900000,0x000000079d930000,0x000000079d980000)
  to   space 512K, 0% used [0x000000079d980000,0x000000079d980000,0x000000079da00000)
 ParOldGen       total 212992K, used 147872K [0x0000000688800000, 0x0000000695800000, 0x0000000758300000)
  object space 212992K, 69% used [0x0000000688800000,0x0000000691868338,0x0000000695800000)
 Metaspace       used 19447K, capacity 20433K, committed 20736K, reserved 1067008K
  class space    used 2700K, capacity 3257K, committed 3328K, reserved 1048576K
}
Event: 1029.081 GC heap before
{Heap before GC invocations=1558 (full 0):
 PSYoungGen      total 295424K, used 295104K [0x0000000758300000, 0x000000079da00000, 0x00000007c0000000)
  eden space 294912K, 100% used [0x0000000758300000,0x000000076a300000,0x000000076a300000)
  from space 512K, 37% used [0x000000079d900000,0x000000079d930000,0x000000079d980000)
  to   space 512K, 0% used [0x000000079d980000,0x000000079d980000,0x000000079da00000)
 ParOldGen       total 212992K, used 147872K [0x0000000688800000, 0x0000000695800000, 0x0000000758300000)
  object space 212992K, 69% used [0x0000000688800000,0x0000000691868338,0x0000000695800000)
 Metaspace       used 19447K, capacity 20433K, committed 20736K, reserved 1067008K
  class space    used 2700K, capacity 3257K, committed 3328K, reserved 1048576K
Event: 1029.085 GC heap after
Heap after GC invocations=1558 (full 0):
 PSYoungGen      total 284160K, used 256K [0x0000000758300000, 0x000000079da00000, 0x00000007c0000000)
  eden space 283648K, 0% used [0x0000000758300000,0x0000000758300000,0x0000000769800000)
  from space 512K, 50% used [0x000000079d980000,0x000000079d9c0000,0x000000079da00000)
  to   space 512K, 0% used [0x000000079d900000,0x000000079d900000,0x000000079d980000)
 ParOldGen       total 212992K, used 147936K [0x0000000688800000, 0x0000000695800000, 0x0000000758300000)
  object space 212992K, 69% used [0x0000000688800000,0x0000000691878338,0x0000000695800000)
 Metaspace       used 19447K, capacity 20433K, committed 20736K, reserved 1067008K
  class space    used 2700K, capacity 3257K, committed 3328K, reserved 1048576K
}

