# JRE version: OpenJDK Runtime Environment (Zulu 8.72.0.17-CA-linux64) (8.0_382-b05) (build 1.8.0_382-b05)
# Java VM: OpenJDK 64-Bit Server VM (25.382-b05 mixed mode linux-amd64 compressed oops)
Heap:
 PSYoungGen      total 1091072K, used 43572K [0x0000000758300000, 0x00000007bab80000, 0x00000007c0000000)
  eden space 1076736K, 3% used [0x0000000758300000,0x000000075ad0ef18,0x0000000799e80000)
  from space 14336K, 3% used [0x00000007b8f80000,0x00000007b8ffe1a8,0x00000007b9d80000)
  to   space 13824K, 0% used [0x00000007b9e00000,0x00000007b9e00000,0x00000007bab80000)
 ParOldGen       total 212992K, used 35711K [0x0000000688800000, 0x0000000695800000, 0x0000000758300000)
  object space 212992K, 16% used [0x0000000688800000,0x000000068aadfd40,0x0000000695800000)
 Metaspace       used 19428K, capacity 20421K, committed 20736K, reserved 1067008K
  class space    used 2698K, capacity 3257K, committed 3328K, reserved 1048576K
GC Heap History (10 events):
Event: 38.893 GC heap before
{Heap before GC invocations=21 (full 0):
 PSYoungGen      total 1369600K, used 1369120K [0x0000000758300000, 0x00000007bca80000, 0x00000007c0000000)
  eden space 1368576K, 100% used [0x0000000758300000,0x00000007abb80000,0x00000007abb80000)
  from space 1024K, 53% used [0x00000007bc980000,0x00000007bca08000,0x00000007bca80000)
  to   space 17408K, 0% used [0x00000007ba880000,0x00000007ba880000,0x00000007bb980000)
 ParOldGen       total 212992K, used 34254K [0x0000000688800000, 0x0000000695800000, 0x0000000758300000)
  object space 212992K, 16% used [0x0000000688800000,0x000000068a973b00,0x0000000695800000)
 Metaspace       used 19425K, capacity 20421K, committed 20736K, reserved 1067008K
  class space    used 2698K, capacity 3257K, committed 3328K, reserved 1048576K
Event: 38.895 GC heap after
Heap after GC invocations=21 (full 0):
 PSYoungGen      total 1321472K, used 512K [0x0000000758300000, 0x00000007bca00000, 0x00000007c0000000)
  eden space 1304064K, 0% used [0x0000000758300000,0x0000000758300000,0x00000007a7c80000)
  from space 17408K, 2% used [0x00000007ba880000,0x00000007ba900240,0x00000007bb980000)
  to   space 16896K, 0% used [0x00000007bb980000,0x00000007bb980000,0x00000007bca00000)
 ParOldGen       total 212992K, used 34558K [0x0000000688800000, 0x0000000695800000, 0x0000000758300000)
  object space 212992K, 16% used [0x0000000688800000,0x000000068a9bfb00,0x0000000695800000)
 Metaspace       used 19425K, capacity 20421K, committed 20736K, reserved 1067008K
  class space    used 2698K, capacity 3257K, committed 3328K, reserved 1048576K
}
Event: 40.831 GC heap before
{Heap before GC invocations=22 (full 0):
 PSYoungGen      total 1321472K, used 1304576K [0x0000000758300000, 0x00000007bca00000, 0x00000007c0000000)
  eden space 1304064K, 100% used [0x0000000758300000,0x00000007a7c80000,0x00000007a7c80000)
  from space 17408K, 2% used [0x00000007ba880000,0x00000007ba900240,0x00000007bb980000)
  to   space 16896K, 0% used [0x00000007bb980000,0x00000007bb980000,0x00000007bca00000)
 ParOldGen       total 212992K, used 34558K [0x0000000688800000, 0x0000000695800000, 0x0000000758300000)
  object space 212992K, 16% used [0x0000000688800000,0x000000068a9bfb00,0x0000000695800000)
 Metaspace       used 19427K, capacity 20421K, committed 20736K, reserved 1067008K
  class space    used 2698K, capacity 3257K, committed 3328K, reserved 1048576K
Event: 40.833 GC heap after
Heap after GC invocations=22 (full 0):
 PSYoungGen      total 1243136K, used 480K [0x0000000758300000, 0x00000007bba00000, 0x00000007c0000000)
  eden space 1242624K, 0% used [0x0000000758300000,0x0000000758300000,0x00000007a4080000)
  from space 512K, 93% used [0x00000007bb980000,0x00000007bb9f8000,0x00000007bba00000)
  to   space 15872K, 0% used [0x00000007b9b00000,0x00000007b9b00000,0x00000007baa80000)
 ParOldGen       total 212992K, used 34903K [0x0000000688800000, 0x0000000695800000, 0x0000000758300000)
  object space 212992K, 16% used [0x0000000688800000,0x000000068aa15d40,0x0000000695800000)
 Metaspace       used 19427K, capacity 20421K, committed 20736K, reserved 1067008K
  class space    used 2698K, capacity 3257K, committed 3328K, reserved 1048576K
}
Event: 42.573 GC heap before
{Heap before GC invocations=23 (full 0):
 PSYoungGen      total 1243136K, used 1243104K [0x0000000758300000, 0x00000007bba00000, 0x00000007c0000000)
  eden space 1242624K, 100% used [0x0000000758300000,0x00000007a4080000,0x00000007a4080000)
  from space 512K, 93% used [0x00000007bb980000,0x00000007bb9f8000,0x00000007bba00000)
  to   space 15872K, 0% used [0x00000007b9b00000,0x00000007b9b00000,0x00000007baa80000)
 ParOldGen       total 212992K, used 34903K [0x0000000688800000, 0x0000000695800000, 0x0000000758300000)
  object space 212992K, 16% used [0x0000000688800000,0x000000068aa15d40,0x0000000695800000)
 Metaspace       used 19427K, capacity 20421K, committed 20736K, reserved 1067008K
  class space    used 2698K, capacity 3257K, committed 3328K, reserved 1048576K
Event: 42.578 GC heap after
Heap after GC invocations=23 (full 0):
 PSYoungGen      total 1200128K, used 512K [0x0000000758300000, 0x00000007bba00000, 0x00000007c0000000)
  eden space 1184256K, 0% used [0x0000000758300000,0x0000000758300000,0x00000007a0780000)
  from space 15872K, 3% used [0x00000007b9b00000,0x00000007b9b80000,0x00000007baa80000)
  to   space 15360K, 0% used [0x00000007bab00000,0x00000007bab00000,0x00000007bba00000)
 ParOldGen       total 212992K, used 35183K [0x0000000688800000, 0x0000000695800000, 0x0000000758300000)
  object space 212992K, 16% used [0x0000000688800000,0x000000068aa5bd40,0x0000000695800000)
 Metaspace       used 19427K, capacity 20421K, committed 20736K, reserved 1067008K
  class space    used 2698K, capacity 3257K, committed 3328K, reserved 1048576K
}
Event: 44.491 GC heap before
{Heap before GC invocations=24 (full 0):
 PSYoungGen      total 1200128K, used 1184768K [0x0000000758300000, 0x00000007bba00000, 0x00000007c0000000)
  eden space 1184256K, 100% used [0x0000000758300000,0x00000007a0780000,0x00000007a0780000)
  from space 15872K, 3% used [0x00000007b9b00000,0x00000007b9b80000,0x00000007baa80000)
  to   space 15360K, 0% used [0x00000007bab00000,0x00000007bab00000,0x00000007bba00000)
 ParOldGen       total 212992K, used 35183K [0x0000000688800000, 0x0000000695800000, 0x0000000758300000)
  object space 212992K, 16% used [0x0000000688800000,0x000000068aa5bd40,0x0000000695800000)
 Metaspace       used 19427K, capacity 20421K, committed 20736K, reserved 1067008K
  class space    used 2698K, capacity 3257K, committed 3328K, reserved 1048576K
Event: 44.496 GC heap after
Heap after GC invocations=24 (full 0):
 PSYoungGen      total 1129472K, used 480K [0x0000000758300000, 0x00000007bab80000, 0x00000007c0000000)
  eden space 1128960K, 0% used [0x0000000758300000,0x0000000758300000,0x000000079d180000)
  from space 512K, 93% used [0x00000007bab00000,0x00000007bab78000,0x00000007bab80000)
  to   space 14336K, 0% used [0x00000007b8f80000,0x00000007b8f80000,0x00000007b9d80000)
 ParOldGen       total 212992K, used 35455K [0x0000000688800000, 0x0000000695800000, 0x0000000758300000)
  object space 212992K, 16% used [0x0000000688800000,0x000000068aa9fd40,0x0000000695800000)
 Metaspace       used 19427K, capacity 20421K, committed 20736K, reserved 1067008K
  class space    used 2698K, capacity 3257K, committed 3328K, reserved 1048576K
}
Event: 45.996 GC heap before
{Heap before GC invocations=25 (full 0):
 PSYoungGen      total 1129472K, used 1129440K [0x0000000758300000, 0x00000007bab80000, 0x00000007c0000000)
  eden space 1128960K, 100% used [0x0000000758300000,0x000000079d180000,0x000000079d180000)
  from space 512K, 93% used [0x00000007bab00000,0x00000007bab78000,0x00000007bab80000)
  to   space 14336K, 0% used [0x00000007b8f80000,0x00000007b8f80000,0x00000007b9d80000)
 ParOldGen       total 212992K, used 35455K [0x0000000688800000, 0x0000000695800000, 0x0000000758300000)
  object space 212992K, 16% used [0x0000000688800000,0x000000068aa9fd40,0x0000000695800000)
 Metaspace       used 19428K, capacity 20421K, committed 20736K, reserved 1067008K
  class space    used 2698K, capacity 3257K, committed 3328K, reserved 1048576K
Event: 45.997 GC heap after
Heap after GC invocations=25 (full 0):
 PSYoungGen      total 1091072K, used 504K [0x0000000758300000, 0x00000007bab80000, 0x00000007c0000000)
  eden space 1076736K, 0% used [0x0000000758300000,0x0000000758300000,0x0000000799e80000)
  from space 14336K, 3% used [0x00000007b8f80000,0x00000007b8ffe1a8,0x00000007b9d80000)
  to   space 13824K, 0% used [0x00000007b9e00000,0x00000007b9e00000,0x00000007bab80000)
 ParOldGen       total 212992K, used 35711K [0x0000000688800000, 0x0000000695800000, 0x0000000758300000)
  object space 212992K, 16% used [0x0000000688800000,0x000000068aadfd40,0x0000000695800000)
 Metaspace       used 19428K, capacity 20421K, committed 20736K, reserved 1067008K
  class space    used 2698K, capacity 3257K, committed 3328K, reserved 1048576K
}

