# JRE version: OpenJDK Runtime Environment (Zulu 8.72.0.17-CA-linux64) (8.0_382-b05) (build 1.8.0_382-b05)
# Java VM: OpenJDK 64-Bit Server VM (25.382-b05 mixed mode linux-amd64 compressed oops)
Heap:
 PSYoungGen      total 560640K, used 213264K [0x0000000758300000, 0x00000007acf80000, 0x00000007c0000000)
  eden space 560128K, 37% used [0x0000000758300000,0x00000007652dc0b0,0x000000077a600000)
  from space 512K, 81% used [0x00000007ace80000,0x00000007acee8000,0x00000007acf00000)
  to   space 512K, 0% used [0x00000007acf00000,0x00000007acf00000,0x00000007acf80000)
 ParOldGen       total 212992K, used 86926K [0x0000000688800000, 0x0000000695800000, 0x0000000758300000)
  object space 212992K, 40% used [0x0000000688800000,0x000000068dce39f8,0x0000000695800000)
 Metaspace       used 19463K, capacity 20485K, committed 20736K, reserved 1067008K
  class space    used 2699K, capacity 3257K, committed 3328K, reserved 1048576K
GC Heap History (10 events):
Event: 261.768 GC heap before
{Heap before GC invocations=601 (full 0):
 PSYoungGen      total 224768K, used 224544K [0x0000000758300000, 0x00000007acf80000, 0x00000007c0000000)
  eden space 224256K, 100% used [0x0000000758300000,0x0000000765e00000,0x0000000765e00000)
  from space 512K, 56% used [0x00000007acf00000,0x00000007acf48000,0x00000007acf80000)
  to   space 512K, 0% used [0x00000007ace80000,0x00000007ace80000,0x00000007acf00000)
 ParOldGen       total 212992K, used 86702K [0x0000000688800000, 0x0000000695800000, 0x0000000758300000)
  object space 212992K, 40% used [0x0000000688800000,0x000000068dcab9f8,0x0000000695800000)
 Metaspace       used 19463K, capacity 20485K, committed 20736K, reserved 1067008K
  class space    used 2699K, capacity 3257K, committed 3328K, reserved 1048576K
Event: 261.773 GC heap after
Heap after GC invocations=601 (full 0):
 PSYoungGen      total 269824K, used 288K [0x0000000758300000, 0x00000007acf80000, 0x00000007c0000000)
  eden space 269312K, 0% used [0x0000000758300000,0x0000000758300000,0x0000000768a00000)
  from space 512K, 56% used [0x00000007ace80000,0x00000007acec8000,0x00000007acf00000)
  to   space 512K, 0% used [0x00000007acf00000,0x00000007acf00000,0x00000007acf80000)
 ParOldGen       total 212992K, used 86734K [0x0000000688800000, 0x0000000695800000, 0x0000000758300000)
  object space 212992K, 40% used [0x0000000688800000,0x000000068dcb39f8,0x0000000695800000)
 Metaspace       used 19463K, capacity 20485K, committed 20736K, reserved 1067008K
  class space    used 2699K, capacity 3257K, committed 3328K, reserved 1048576K
}
Event: 262.229 GC heap before
{Heap before GC invocations=602 (full 0):
 PSYoungGen      total 269824K, used 269600K [0x0000000758300000, 0x00000007acf80000, 0x00000007c0000000)
  eden space 269312K, 100% used [0x0000000758300000,0x0000000768a00000,0x0000000768a00000)
  from space 512K, 56% used [0x00000007ace80000,0x00000007acec8000,0x00000007acf00000)
  to   space 512K, 0% used [0x00000007acf00000,0x00000007acf00000,0x00000007acf80000)
 ParOldGen       total 212992K, used 86734K [0x0000000688800000, 0x0000000695800000, 0x0000000758300000)
  object space 212992K, 40% used [0x0000000688800000,0x000000068dcb39f8,0x0000000695800000)
 Metaspace       used 19463K, capacity 20485K, committed 20736K, reserved 1067008K
  class space    used 2699K, capacity 3257K, committed 3328K, reserved 1048576K
Event: 262.234 GC heap after
Heap after GC invocations=602 (full 0):
 PSYoungGen      total 324096K, used 320K [0x0000000758300000, 0x00000007acf80000, 0x00000007c0000000)
  eden space 323584K, 0% used [0x0000000758300000,0x0000000758300000,0x000000076bf00000)
  from space 512K, 62% used [0x00000007acf00000,0x00000007acf50000,0x00000007acf80000)
  to   space 512K, 0% used [0x00000007ace80000,0x00000007ace80000,0x00000007acf00000)
 ParOldGen       total 212992K, used 86774K [0x0000000688800000, 0x0000000695800000, 0x0000000758300000)
  object space 212992K, 40% used [0x0000000688800000,0x000000068dcbd9f8,0x0000000695800000)
 Metaspace       used 19463K, capacity 20485K, committed 20736K, reserved 1067008K
  class space    used 2699K, capacity 3257K, committed 3328K, reserved 1048576K
}
Event: 262.788 GC heap before
{Heap before GC invocations=603 (full 0):
 PSYoungGen      total 324096K, used 323904K [0x0000000758300000, 0x00000007acf80000, 0x00000007c0000000)
  eden space 323584K, 100% used [0x0000000758300000,0x000000076bf00000,0x000000076bf00000)
  from space 512K, 62% used [0x00000007acf00000,0x00000007acf50000,0x00000007acf80000)
  to   space 512K, 0% used [0x00000007ace80000,0x00000007ace80000,0x00000007acf00000)
 ParOldGen       total 212992K, used 86774K [0x0000000688800000, 0x0000000695800000, 0x0000000758300000)
  object space 212992K, 40% used [0x0000000688800000,0x000000068dcbd9f8,0x0000000695800000)
 Metaspace       used 19463K, capacity 20485K, committed 20736K, reserved 1067008K
  class space    used 2699K, capacity 3257K, committed 3328K, reserved 1048576K
Event: 262.793 GC heap after
Heap after GC invocations=603 (full 0):
 PSYoungGen      total 389120K, used 320K [0x0000000758300000, 0x00000007acf80000, 0x00000007c0000000)
  eden space 388608K, 0% used [0x0000000758300000,0x0000000758300000,0x000000076fe80000)
  from space 512K, 62% used [0x00000007ace80000,0x00000007aced0000,0x00000007acf00000)
  to   space 512K, 0% used [0x00000007acf00000,0x00000007acf00000,0x00000007acf80000)
 ParOldGen       total 212992K, used 86814K [0x0000000688800000, 0x0000000695800000, 0x0000000758300000)
  object space 212992K, 40% used [0x0000000688800000,0x000000068dcc79f8,0x0000000695800000)
 Metaspace       used 19463K, capacity 20485K, committed 20736K, reserved 1067008K
  class space    used 2699K, capacity 3257K, committed 3328K, reserved 1048576K
}
Event: 263.480 GC heap before
{Heap before GC invocations=604 (full 0):
 PSYoungGen      total 389120K, used 388928K [0x0000000758300000, 0x00000007acf80000, 0x00000007c0000000)
  eden space 388608K, 100% used [0x0000000758300000,0x000000076fe80000,0x000000076fe80000)
  from space 512K, 62% used [0x00000007ace80000,0x00000007aced0000,0x00000007acf00000)
  to   space 512K, 0% used [0x00000007acf00000,0x00000007acf00000,0x00000007acf80000)
 ParOldGen       total 212992K, used 86814K [0x0000000688800000, 0x0000000695800000, 0x0000000758300000)
  object space 212992K, 40% used [0x0000000688800000,0x000000068dcc79f8,0x0000000695800000)
 Metaspace       used 19463K, capacity 20485K, committed 20736K, reserved 1067008K
  class space    used 2699K, capacity 3257K, committed 3328K, reserved 1048576K
Event: 263.484 GC heap after
Heap after GC invocations=604 (full 0):
 PSYoungGen      total 466944K, used 352K [0x0000000758300000, 0x00000007acf80000, 0x00000007c0000000)
  eden space 466432K, 0% used [0x0000000758300000,0x0000000758300000,0x0000000774a80000)
  from space 512K, 68% used [0x00000007acf00000,0x00000007acf58000,0x00000007acf80000)
  to   space 512K, 0% used [0x00000007ace80000,0x00000007ace80000,0x00000007acf00000)
 ParOldGen       total 212992K, used 86870K [0x0000000688800000, 0x0000000695800000, 0x0000000758300000)
  object space 212992K, 40% used [0x0000000688800000,0x000000068dcd59f8,0x0000000695800000)
 Metaspace       used 19463K, capacity 20485K, committed 20736K, reserved 1067008K
  class space    used 2699K, capacity 3257K, committed 3328K, reserved 1048576K
}
Event: 265.001 GC heap before
{Heap before GC invocations=605 (full 0):
 PSYoungGen      total 466944K, used 466784K [0x0000000758300000, 0x00000007acf80000, 0x00000007c0000000)
  eden space 466432K, 100% used [0x0000000758300000,0x0000000774a80000,0x0000000774a80000)
  from space 512K, 68% used [0x00000007acf00000,0x00000007acf58000,0x00000007acf80000)
  to   space 512K, 0% used [0x00000007ace80000,0x00000007ace80000,0x00000007acf00000)
 ParOldGen       total 212992K, used 86870K [0x0000000688800000, 0x0000000695800000, 0x0000000758300000)
  object space 212992K, 40% used [0x0000000688800000,0x000000068dcd59f8,0x0000000695800000)
 Metaspace       used 19463K, capacity 20485K, committed 20736K, reserved 1067008K
  class space    used 2699K, capacity 3257K, committed 3328K, reserved 1048576K
Event: 265.005 GC heap after
Heap after GC invocations=605 (full 0):
 PSYoungGen      total 560640K, used 416K [0x0000000758300000, 0x00000007acf80000, 0x00000007c0000000)
  eden space 560128K, 0% used [0x0000000758300000,0x0000000758300000,0x000000077a600000)
  from space 512K, 81% used [0x00000007ace80000,0x00000007acee8000,0x00000007acf00000)
  to   space 512K, 0% used [0x00000007acf00000,0x00000007acf00000,0x00000007acf80000)
 ParOldGen       total 212992K, used 86926K [0x0000000688800000, 0x0000000695800000, 0x0000000758300000)
  object space 212992K, 40% used [0x0000000688800000,0x000000068dce39f8,0x0000000695800000)
 Metaspace       used 19463K, capacity 20485K, committed 20736K, reserved 1067008K
  class space    used 2699K, capacity 3257K, committed 3328K, reserved 1048576K
}

