# JRE version: OpenJDK Runtime Environment (Zulu 8.72.0.17-CA-linux64) (8.0_382-b05) (build 1.8.0_382-b05)
# Java VM: OpenJDK 64-Bit Server VM (25.382-b05 mixed mode linux-amd64 compressed oops)
Heap:
 PSYoungGen      total 257536K, used 108238K [0x0000000758300000, 0x000000079e280000, 0x00000007c0000000)
  eden space 257024K, 42% used [0x0000000758300000,0x000000075ec6b9f8,0x0000000767e00000)
  from space 512K, 56% used [0x000000079e180000,0x000000079e1c8000,0x000000079e200000)
  to   space 512K, 0% used [0x000000079e200000,0x000000079e200000,0x000000079e280000)
 ParOldGen       total 212992K, used 34513K [0x0000000688800000, 0x0000000695800000, 0x0000000758300000)
  object space 212992K, 16% used [0x0000000688800000,0x000000068a9b46b0,0x0000000695800000)
 Metaspace       used 19284K, capacity 20335K, committed 20480K, reserved 1067008K
  class space    used 2686K, capacity 3254K, committed 3328K, reserved 1048576K
GC Heap History (10 events):
Event: 90.722 GC heap before
{Heap before GC invocations=109 (full 0):
 PSYoungGen      total 313856K, used 313664K [0x0000000758300000, 0x000000079e280000, 0x00000007c0000000)
  eden space 313344K, 100% used [0x0000000758300000,0x000000076b500000,0x000000076b500000)
  from space 512K, 62% used [0x000000079e200000,0x000000079e250000,0x000000079e280000)
  to   space 512K, 0% used [0x000000079e180000,0x000000079e180000,0x000000079e200000)
 ParOldGen       total 212992K, used 33601K [0x0000000688800000, 0x0000000695800000, 0x0000000758300000)
  object space 212992K, 15% used [0x0000000688800000,0x000000068a8d06b0,0x0000000695800000)
 Metaspace       used 19275K, capacity 20335K, committed 20480K, reserved 1067008K
  class space    used 2686K, capacity 3254K, committed 3328K, reserved 1048576K
Event: 90.724 GC heap after
Heap after GC invocations=109 (full 0):
 PSYoungGen      total 301568K, used 320K [0x0000000758300000, 0x000000079e280000, 0x00000007c0000000)
  eden space 301056K, 0% used [0x0000000758300000,0x0000000758300000,0x000000076a900000)
  from space 512K, 62% used [0x000000079e180000,0x000000079e1d0000,0x000000079e200000)
  to   space 512K, 0% used [0x000000079e200000,0x000000079e200000,0x000000079e280000)
 ParOldGen       total 212992K, used 33761K [0x0000000688800000, 0x0000000695800000, 0x0000000758300000)
  object space 212992K, 15% used [0x0000000688800000,0x000000068a8f86b0,0x0000000695800000)
 Metaspace       used 19275K, capacity 20335K, committed 20480K, reserved 1067008K
  class space    used 2686K, capacity 3254K, committed 3328K, reserved 1048576K
}
Event: 91.175 GC heap before
{Heap before GC invocations=110 (full 0):
 PSYoungGen      total 301568K, used 301376K [0x0000000758300000, 0x000000079e280000, 0x00000007c0000000)
  eden space 301056K, 100% used [0x0000000758300000,0x000000076a900000,0x000000076a900000)
  from space 512K, 62% used [0x000000079e180000,0x000000079e1d0000,0x000000079e200000)
  to   space 512K, 0% used [0x000000079e200000,0x000000079e200000,0x000000079e280000)
 ParOldGen       total 212992K, used 33761K [0x0000000688800000, 0x0000000695800000, 0x0000000758300000)
  object space 212992K, 15% used [0x0000000688800000,0x000000068a8f86b0,0x0000000695800000)
 Metaspace       used 19275K, capacity 20335K, committed 20480K, reserved 1067008K
  class space    used 2686K, capacity 3254K, committed 3328K, reserved 1048576K
Event: 91.176 GC heap after
Heap after GC invocations=110 (full 0):
 PSYoungGen      total 289792K, used 288K [0x0000000758300000, 0x000000079e280000, 0x00000007c0000000)
  eden space 289280K, 0% used [0x0000000758300000,0x0000000758300000,0x0000000769d80000)
  from space 512K, 56% used [0x000000079e200000,0x000000079e248000,0x000000079e280000)
  to   space 512K, 0% used [0x000000079e180000,0x000000079e180000,0x000000079e200000)
 ParOldGen       total 212992K, used 33969K [0x0000000688800000, 0x0000000695800000, 0x0000000758300000)
  object space 212992K, 15% used [0x0000000688800000,0x000000068a92c6b0,0x0000000695800000)
 Metaspace       used 19275K, capacity 20335K, committed 20480K, reserved 1067008K
  class space    used 2686K, capacity 3254K, committed 3328K, reserved 1048576K
}
Event: 92.386 GC heap before
{Heap before GC invocations=111 (full 0):
 PSYoungGen      total 289792K, used 289568K [0x0000000758300000, 0x000000079e280000, 0x00000007c0000000)
  eden space 289280K, 100% used [0x0000000758300000,0x0000000769d80000,0x0000000769d80000)
  from space 512K, 56% used [0x000000079e200000,0x000000079e248000,0x000000079e280000)
  to   space 512K, 0% used [0x000000079e180000,0x000000079e180000,0x000000079e200000)
 ParOldGen       total 212992K, used 33969K [0x0000000688800000, 0x0000000695800000, 0x0000000758300000)
  object space 212992K, 15% used [0x0000000688800000,0x000000068a92c6b0,0x0000000695800000)
 Metaspace       used 19275K, capacity 20335K, committed 20480K, reserved 1067008K
  class space    used 2686K, capacity 3254K, committed 3328K, reserved 1048576K
Event: 92.387 GC heap after
Heap after GC invocations=111 (full 0):
 PSYoungGen      total 278528K, used 320K [0x0000000758300000, 0x000000079e280000, 0x00000007c0000000)
  eden space 278016K, 0% used [0x0000000758300000,0x0000000758300000,0x0000000769280000)
  from space 512K, 62% used [0x000000079e180000,0x000000079e1d0000,0x000000079e200000)
  to   space 512K, 0% used [0x000000079e200000,0x000000079e200000,0x000000079e280000)
 ParOldGen       total 212992K, used 34145K [0x0000000688800000, 0x0000000695800000, 0x0000000758300000)
  object space 212992K, 16% used [0x0000000688800000,0x000000068a9586b0,0x0000000695800000)
 Metaspace       used 19275K, capacity 20335K, committed 20480K, reserved 1067008K
  class space    used 2686K, capacity 3254K, committed 3328K, reserved 1048576K
}
Event: 93.225 GC heap before
{Heap before GC invocations=112 (full 0):
 PSYoungGen      total 278528K, used 278336K [0x0000000758300000, 0x000000079e280000, 0x00000007c0000000)
  eden space 278016K, 100% used [0x0000000758300000,0x0000000769280000,0x0000000769280000)
  from space 512K, 62% used [0x000000079e180000,0x000000079e1d0000,0x000000079e200000)
  to   space 512K, 0% used [0x000000079e200000,0x000000079e200000,0x000000079e280000)
 ParOldGen       total 212992K, used 34145K [0x0000000688800000, 0x0000000695800000, 0x0000000758300000)
  object space 212992K, 16% used [0x0000000688800000,0x000000068a9586b0,0x0000000695800000)
 Metaspace       used 19284K, capacity 20335K, committed 20480K, reserved 1067008K
  class space    used 2686K, capacity 3254K, committed 3328K, reserved 1048576K
Event: 93.227 GC heap after
Heap after GC invocations=112 (full 0):
 PSYoungGen      total 267776K, used 320K [0x0000000758300000, 0x000000079e280000, 0x00000007c0000000)
  eden space 267264K, 0% used [0x0000000758300000,0x0000000758300000,0x0000000768800000)
  from space 512K, 62% used [0x000000079e200000,0x000000079e250000,0x000000079e280000)
  to   space 512K, 0% used [0x000000079e180000,0x000000079e180000,0x000000079e200000)
 ParOldGen       total 212992K, used 34329K [0x0000000688800000, 0x0000000695800000, 0x0000000758300000)
  object space 212992K, 16% used [0x0000000688800000,0x000000068a9866b0,0x0000000695800000)
 Metaspace       used 19284K, capacity 20335K, committed 20480K, reserved 1067008K
  class space    used 2686K, capacity 3254K, committed 3328K, reserved 1048576K
}
Event: 93.603 GC heap before
{Heap before GC invocations=113 (full 0):
 PSYoungGen      total 267776K, used 267584K [0x0000000758300000, 0x000000079e280000, 0x00000007c0000000)
  eden space 267264K, 100% used [0x0000000758300000,0x0000000768800000,0x0000000768800000)
  from space 512K, 62% used [0x000000079e200000,0x000000079e250000,0x000000079e280000)
  to   space 512K, 0% used [0x000000079e180000,0x000000079e180000,0x000000079e200000)
 ParOldGen       total 212992K, used 34329K [0x0000000688800000, 0x0000000695800000, 0x0000000758300000)
  object space 212992K, 16% used [0x0000000688800000,0x000000068a9866b0,0x0000000695800000)
 Metaspace       used 19284K, capacity 20335K, committed 20480K, reserved 1067008K
  class space    used 2686K, capacity 3254K, committed 3328K, reserved 1048576K
Event: 93.604 GC heap after
Heap after GC invocations=113 (full 0):
 PSYoungGen      total 257536K, used 288K [0x0000000758300000, 0x000000079e280000, 0x00000007c0000000)
  eden space 257024K, 0% used [0x0000000758300000,0x0000000758300000,0x0000000767e00000)
  from space 512K, 56% used [0x000000079e180000,0x000000079e1c8000,0x000000079e200000)
  to   space 512K, 0% used [0x000000079e200000,0x000000079e200000,0x000000079e280000)
 ParOldGen       total 212992K, used 34513K [0x0000000688800000, 0x0000000695800000, 0x0000000758300000)
  object space 212992K, 16% used [0x0000000688800000,0x000000068a9b46b0,0x0000000695800000)
 Metaspace       used 19284K, capacity 20335K, committed 20480K, reserved 1067008K
  class space    used 2686K, capacity 3254K, committed 3328K, reserved 1048576K
}

