# JRE version: OpenJDK Runtime Environment (Zulu 8.72.0.17-CA-linux64) (8.0_382-b05) (build 1.8.0_382-b05)
# Java VM: OpenJDK 64-Bit Server VM (25.382-b05 mixed mode linux-amd64 compressed oops)
Heap:
 PSYoungGen      total 292352K, used 40898K [0x0000000758300000, 0x00000007ad780000, 0x00000007c0000000)
  eden space 290304K, 14% used [0x0000000758300000,0x000000075aab0aa8,0x0000000769e80000)
  from space 2048K, 12% used [0x00000007ad380000,0x00000007ad3c0000,0x00000007ad580000)
  to   space 1536K, 0% used [0x00000007ad600000,0x00000007ad600000,0x00000007ad780000)
 ParOldGen       total 212992K, used 36842K [0x0000000688800000, 0x0000000695800000, 0x0000000758300000)
  object space 212992K, 17% used [0x0000000688800000,0x000000068abfaaa8,0x0000000695800000)
 Metaspace       used 19428K, capacity 20421K, committed 20736K, reserved 1067008K
  class space    used 2698K, capacity 3257K, committed 3328K, reserved 1048576K
GC Heap History (10 events):
Event: 59.856 GC heap before
{Heap before GC invocations=53 (full 0):
 PSYoungGen      total 355328K, used 355039K [0x0000000758300000, 0x00000007ada80000, 0x00000007c0000000)
  eden space 354816K, 99% used [0x0000000758300000,0x000000076dd7fff8,0x000000076dd80000)
  from space 512K, 43% used [0x00000007ada00000,0x00000007ada38000,0x00000007ada80000)
  to   space 2560K, 0% used [0x00000007ad580000,0x00000007ad580000,0x00000007ad800000)
 ParOldGen       total 212992K, used 36434K [0x0000000688800000, 0x0000000695800000, 0x0000000758300000)
  object space 212992K, 17% used [0x0000000688800000,0x000000068ab94aa8,0x0000000695800000)
 Metaspace       used 19428K, capacity 20421K, committed 20736K, reserved 1067008K
  class space    used 2698K, capacity 3257K, committed 3328K, reserved 1048576K
Event: 59.858 GC heap after
Heap after GC invocations=53 (full 0):
 PSYoungGen      total 343040K, used 256K [0x0000000758300000, 0x00000007ada80000, 0x00000007c0000000)
  eden space 340480K, 0% used [0x0000000758300000,0x0000000758300000,0x000000076cf80000)
  from space 2560K, 10% used [0x00000007ad580000,0x00000007ad5c0000,0x00000007ad800000)
  to   space 2048K, 0% used [0x00000007ad880000,0x00000007ad880000,0x00000007ada80000)
 ParOldGen       total 212992K, used 36530K [0x0000000688800000, 0x0000000695800000, 0x0000000758300000)
  object space 212992K, 17% used [0x0000000688800000,0x000000068abacaa8,0x0000000695800000)
 Metaspace       used 19428K, capacity 20421K, committed 20736K, reserved 1067008K
  class space    used 2698K, capacity 3257K, committed 3328K, reserved 1048576K
}
Event: 60.933 GC heap before
{Heap before GC invocations=54 (full 0):
 PSYoungGen      total 343040K, used 340736K [0x0000000758300000, 0x00000007ada80000, 0x00000007c0000000)
  eden space 340480K, 100% used [0x0000000758300000,0x000000076cf80000,0x000000076cf80000)
  from space 2560K, 10% used [0x00000007ad580000,0x00000007ad5c0000,0x00000007ad800000)
  to   space 2048K, 0% used [0x00000007ad880000,0x00000007ad880000,0x00000007ada80000)
 ParOldGen       total 212992K, used 36530K [0x0000000688800000, 0x0000000695800000, 0x0000000758300000)
  object space 212992K, 17% used [0x0000000688800000,0x000000068abacaa8,0x0000000695800000)
 Metaspace       used 19428K, capacity 20421K, committed 20736K, reserved 1067008K
  class space    used 2698K, capacity 3257K, committed 3328K, reserved 1048576K
Event: 60.935 GC heap after
Heap after GC invocations=54 (full 0):
 PSYoungGen      total 327680K, used 288K [0x0000000758300000, 0x00000007ad900000, 0x00000007c0000000)
  eden space 327168K, 0% used [0x0000000758300000,0x0000000758300000,0x000000076c280000)
  from space 512K, 56% used [0x00000007ad880000,0x00000007ad8c8000,0x00000007ad900000)
  to   space 2048K, 0% used [0x00000007ad500000,0x00000007ad500000,0x00000007ad700000)
 ParOldGen       total 212992K, used 36610K [0x0000000688800000, 0x0000000695800000, 0x0000000758300000)
  object space 212992K, 17% used [0x0000000688800000,0x000000068abc0aa8,0x0000000695800000)
 Metaspace       used 19428K, capacity 20421K, committed 20736K, reserved 1067008K
  class space    used 2698K, capacity 3257K, committed 3328K, reserved 1048576K
}
Event: 61.289 GC heap before
{Heap before GC invocations=55 (full 0):
 PSYoungGen      total 327680K, used 327456K [0x0000000758300000, 0x00000007ad900000, 0x00000007c0000000)
  eden space 327168K, 100% used [0x0000000758300000,0x000000076c280000,0x000000076c280000)
  from space 512K, 56% used [0x00000007ad880000,0x00000007ad8c8000,0x00000007ad900000)
  to   space 2048K, 0% used [0x00000007ad500000,0x00000007ad500000,0x00000007ad700000)
 ParOldGen       total 212992K, used 36610K [0x0000000688800000, 0x0000000695800000, 0x0000000758300000)
  object space 212992K, 17% used [0x0000000688800000,0x000000068abc0aa8,0x0000000695800000)
 Metaspace       used 19428K, capacity 20421K, committed 20736K, reserved 1067008K
  class space    used 2698K, capacity 3257K, committed 3328K, reserved 1048576K
Event: 61.290 GC heap after
Heap after GC invocations=55 (full 0):
 PSYoungGen      total 316416K, used 224K [0x0000000758300000, 0x00000007ad900000, 0x00000007c0000000)
  eden space 314368K, 0% used [0x0000000758300000,0x0000000758300000,0x000000076b600000)
  from space 2048K, 10% used [0x00000007ad500000,0x00000007ad538000,0x00000007ad700000)
  to   space 2048K, 0% used [0x00000007ad700000,0x00000007ad700000,0x00000007ad900000)
 ParOldGen       total 212992K, used 36698K [0x0000000688800000, 0x0000000695800000, 0x0000000758300000)
  object space 212992K, 17% used [0x0000000688800000,0x000000068abd6aa8,0x0000000695800000)
 Metaspace       used 19428K, capacity 20421K, committed 20736K, reserved 1067008K
  class space    used 2698K, capacity 3257K, committed 3328K, reserved 1048576K
}
Event: 61.613 GC heap before
{Heap before GC invocations=56 (full 0):
 PSYoungGen      total 316416K, used 314592K [0x0000000758300000, 0x00000007ad900000, 0x00000007c0000000)
  eden space 314368K, 100% used [0x0000000758300000,0x000000076b600000,0x000000076b600000)
  from space 2048K, 10% used [0x00000007ad500000,0x00000007ad538000,0x00000007ad700000)
  to   space 2048K, 0% used [0x00000007ad700000,0x00000007ad700000,0x00000007ad900000)
 ParOldGen       total 212992K, used 36698K [0x0000000688800000, 0x0000000695800000, 0x0000000758300000)
  object space 212992K, 17% used [0x0000000688800000,0x000000068abd6aa8,0x0000000695800000)
 Metaspace       used 19428K, capacity 20421K, committed 20736K, reserved 1067008K
  class space    used 2698K, capacity 3257K, committed 3328K, reserved 1048576K
Event: 61.614 GC heap after
Heap after GC invocations=56 (full 0):
 PSYoungGen      total 302592K, used 224K [0x0000000758300000, 0x00000007ad780000, 0x00000007c0000000)
  eden space 302080K, 0% used [0x0000000758300000,0x0000000758300000,0x000000076aa00000)
  from space 512K, 43% used [0x00000007ad700000,0x00000007ad738000,0x00000007ad780000)
  to   space 2048K, 0% used [0x00000007ad380000,0x00000007ad380000,0x00000007ad580000)
 ParOldGen       total 212992K, used 36778K [0x0000000688800000, 0x0000000695800000, 0x0000000758300000)
  object space 212992K, 17% used [0x0000000688800000,0x000000068abeaaa8,0x0000000695800000)
 Metaspace       used 19428K, capacity 20421K, committed 20736K, reserved 1067008K
  class space    used 2698K, capacity 3257K, committed 3328K, reserved 1048576K
}
Event: 61.979 GC heap before
{Heap before GC invocations=57 (full 0):
 PSYoungGen      total 302592K, used 302304K [0x0000000758300000, 0x00000007ad780000, 0x00000007c0000000)
  eden space 302080K, 100% used [0x0000000758300000,0x000000076aa00000,0x000000076aa00000)
  from space 512K, 43% used [0x00000007ad700000,0x00000007ad738000,0x00000007ad780000)
  to   space 2048K, 0% used [0x00000007ad380000,0x00000007ad380000,0x00000007ad580000)
 ParOldGen       total 212992K, used 36778K [0x0000000688800000, 0x0000000695800000, 0x0000000758300000)
  object space 212992K, 17% used [0x0000000688800000,0x000000068abeaaa8,0x0000000695800000)
 Metaspace       used 19428K, capacity 20421K, committed 20736K, reserved 1067008K
  class space    used 2698K, capacity 3257K, committed 3328K, reserved 1048576K
Event: 61.980 GC heap after
Heap after GC invocations=57 (full 0):
 PSYoungGen      total 292352K, used 256K [0x0000000758300000, 0x00000007ad780000, 0x00000007c0000000)
  eden space 290304K, 0% used [0x0000000758300000,0x0000000758300000,0x0000000769e80000)
  from space 2048K, 12% used [0x00000007ad380000,0x00000007ad3c0000,0x00000007ad580000)
  to   space 1536K, 0% used [0x00000007ad600000,0x00000007ad600000,0x00000007ad780000)
 ParOldGen       total 212992K, used 36842K [0x0000000688800000, 0x0000000695800000, 0x0000000758300000)
  object space 212992K, 17% used [0x0000000688800000,0x000000068abfaaa8,0x0000000695800000)
 Metaspace       used 19428K, capacity 20421K, committed 20736K, reserved 1067008K
  class space    used 2698K, capacity 3257K, committed 3328K, reserved 1048576K
}

