# JRE version: OpenJDK Runtime Environment (Zulu 8.72.0.17-CA-linux64) (8.0_382-b05) (build 1.8.0_382-b05)
# Java VM: OpenJDK 64-Bit Server VM (25.382-b05 mixed mode linux-amd64 compressed oops)
Heap:
 PSYoungGen      total 615936K, used 111209K [0x0000000758300000, 0x00000007a1900000, 0x00000007c0000000)
  eden space 615424K, 17% used [0x0000000758300000,0x000000075ef2e0b0,0x000000077dc00000)
  from space 512K, 84% used [0x00000007a1880000,0x00000007a18ec350,0x00000007a1900000)
  to   space 10752K, 0% used [0x00000007a0400000,0x00000007a0400000,0x00000007a0e80000)
 ParOldGen       total 212992K, used 35465K [0x0000000688800000, 0x0000000695800000, 0x0000000758300000)
  object space 212992K, 16% used [0x0000000688800000,0x000000068aaa2438,0x0000000695800000)
 Metaspace       used 19421K, capacity 20417K, committed 20736K, reserved 1067008K
  class space    used 2698K, capacity 3257K, committed 3328K, reserved 1048576K
GC Heap History (10 events):
Event: 33.443 GC heap before
{Heap before GC invocations=26 (full 0):
 PSYoungGen      total 787968K, used 773024K [0x0000000758300000, 0x00000007a3e80000, 0x00000007c0000000)
  eden space 772608K, 100% used [0x0000000758300000,0x0000000787580000,0x0000000787580000)
  from space 15360K, 2% used [0x00000007a2080000,0x00000007a20e8000,0x00000007a2f80000)
  to   space 14848K, 0% used [0x00000007a3000000,0x00000007a3000000,0x00000007a3e80000)
 ParOldGen       total 212992K, used 34649K [0x0000000688800000, 0x0000000695800000, 0x0000000758300000)
  object space 212992K, 16% used [0x0000000688800000,0x000000068a9d6438,0x0000000695800000)
 Metaspace       used 19420K, capacity 20417K, committed 20736K, reserved 1067008K
  class space    used 2698K, capacity 3257K, committed 3328K, reserved 1048576K
Event: 33.445 GC heap after
Heap after GC invocations=26 (full 0):
 PSYoungGen      total 738304K, used 384K [0x0000000758300000, 0x00000007a3080000, 0x00000007c0000000)
  eden space 737792K, 0% used [0x0000000758300000,0x0000000758300000,0x0000000785380000)
  from space 512K, 75% used [0x00000007a3000000,0x00000007a3060000,0x00000007a3080000)
  to   space 13824K, 0% used [0x00000007a1580000,0x00000007a1580000,0x00000007a2300000)
 ParOldGen       total 212992K, used 34825K [0x0000000688800000, 0x0000000695800000, 0x0000000758300000)
  object space 212992K, 16% used [0x0000000688800000,0x000000068aa02438,0x0000000695800000)
 Metaspace       used 19420K, capacity 20417K, committed 20736K, reserved 1067008K
  class space    used 2698K, capacity 3257K, committed 3328K, reserved 1048576K
}
Event: 34.205 GC heap before
{Heap before GC invocations=27 (full 0):
 PSYoungGen      total 738304K, used 738176K [0x0000000758300000, 0x00000007a3080000, 0x00000007c0000000)
  eden space 737792K, 100% used [0x0000000758300000,0x0000000785380000,0x0000000785380000)
  from space 512K, 75% used [0x00000007a3000000,0x00000007a3060000,0x00000007a3080000)
  to   space 13824K, 0% used [0x00000007a1580000,0x00000007a1580000,0x00000007a2300000)
 ParOldGen       total 212992K, used 34825K [0x0000000688800000, 0x0000000695800000, 0x0000000758300000)
  object space 212992K, 16% used [0x0000000688800000,0x000000068aa02438,0x0000000695800000)
 Metaspace       used 19420K, capacity 20417K, committed 20736K, reserved 1067008K
  class space    used 2698K, capacity 3257K, committed 3328K, reserved 1048576K
Event: 34.206 GC heap after
Heap after GC invocations=27 (full 0):
 PSYoungGen      total 718336K, used 352K [0x0000000758300000, 0x00000007a3080000, 0x00000007c0000000)
  eden space 704512K, 0% used [0x0000000758300000,0x0000000758300000,0x0000000783300000)
  from space 13824K, 2% used [0x00000007a1580000,0x00000007a15d8000,0x00000007a2300000)
  to   space 13312K, 0% used [0x00000007a2380000,0x00000007a2380000,0x00000007a3080000)
 ParOldGen       total 212992K, used 35001K [0x0000000688800000, 0x0000000695800000, 0x0000000758300000)
  object space 212992K, 16% used [0x0000000688800000,0x000000068aa2e438,0x0000000695800000)
 Metaspace       used 19420K, capacity 20417K, committed 20736K, reserved 1067008K
  class space    used 2698K, capacity 3257K, committed 3328K, reserved 1048576K
}
Event: 34.859 GC heap before
{Heap before GC invocations=28 (full 0):
 PSYoungGen      total 718336K, used 704864K [0x0000000758300000, 0x00000007a3080000, 0x00000007c0000000)
  eden space 704512K, 100% used [0x0000000758300000,0x0000000783300000,0x0000000783300000)
  from space 13824K, 2% used [0x00000007a1580000,0x00000007a15d8000,0x00000007a2300000)
  to   space 13312K, 0% used [0x00000007a2380000,0x00000007a2380000,0x00000007a3080000)
 ParOldGen       total 212992K, used 35001K [0x0000000688800000, 0x0000000695800000, 0x0000000758300000)
  object space 212992K, 16% used [0x0000000688800000,0x000000068aa2e438,0x0000000695800000)
 Metaspace       used 19420K, capacity 20417K, committed 20736K, reserved 1067008K
  class space    used 2698K, capacity 3257K, committed 3328K, reserved 1048576K
Event: 34.861 GC heap after
Heap after GC invocations=28 (full 0):
 PSYoungGen      total 673792K, used 352K [0x0000000758300000, 0x00000007a2400000, 0x00000007c0000000)
  eden space 673280K, 0% used [0x0000000758300000,0x0000000758300000,0x0000000781480000)
  from space 512K, 68% used [0x00000007a2380000,0x00000007a23d8000,0x00000007a2400000)
  to   space 12288K, 0% used [0x00000007a0c00000,0x00000007a0c00000,0x00000007a1800000)
 ParOldGen       total 212992K, used 35169K [0x0000000688800000, 0x0000000695800000, 0x0000000758300000)
  object space 212992K, 16% used [0x0000000688800000,0x000000068aa58438,0x0000000695800000)
 Metaspace       used 19420K, capacity 20417K, committed 20736K, reserved 1067008K
  class space    used 2698K, capacity 3257K, committed 3328K, reserved 1048576K
}
Event: 36.077 GC heap before
{Heap before GC invocations=29 (full 0):
 PSYoungGen      total 673792K, used 673632K [0x0000000758300000, 0x00000007a2400000, 0x00000007c0000000)
  eden space 673280K, 100% used [0x0000000758300000,0x0000000781480000,0x0000000781480000)
  from space 512K, 68% used [0x00000007a2380000,0x00000007a23d8000,0x00000007a2400000)
  to   space 12288K, 0% used [0x00000007a0c00000,0x00000007a0c00000,0x00000007a1800000)
 ParOldGen       total 212992K, used 35169K [0x0000000688800000, 0x0000000695800000, 0x0000000758300000)
  object space 212992K, 16% used [0x0000000688800000,0x000000068aa58438,0x0000000695800000)
 Metaspace       used 19421K, capacity 20417K, committed 20736K, reserved 1067008K
  class space    used 2698K, capacity 3257K, committed 3328K, reserved 1048576K
Event: 36.079 GC heap after
Heap after GC invocations=29 (full 0):
 PSYoungGen      total 655872K, used 352K [0x0000000758300000, 0x00000007a2400000, 0x00000007c0000000)
  eden space 643584K, 0% used [0x0000000758300000,0x0000000758300000,0x000000077f780000)
  from space 12288K, 2% used [0x00000007a0c00000,0x00000007a0c58000,0x00000007a1800000)
  to   space 11776K, 0% used [0x00000007a1880000,0x00000007a1880000,0x00000007a2400000)
 ParOldGen       total 212992K, used 35313K [0x0000000688800000, 0x0000000695800000, 0x0000000758300000)
  object space 212992K, 16% used [0x0000000688800000,0x000000068aa7c438,0x0000000695800000)
 Metaspace       used 19421K, capacity 20417K, committed 20736K, reserved 1067008K
  class space    used 2698K, capacity 3257K, committed 3328K, reserved 1048576K
}
Event: 36.971 GC heap before
{Heap before GC invocations=30 (full 0):
 PSYoungGen      total 655872K, used 643936K [0x0000000758300000, 0x00000007a2400000, 0x00000007c0000000)
  eden space 643584K, 100% used [0x0000000758300000,0x000000077f780000,0x000000077f780000)
  from space 12288K, 2% used [0x00000007a0c00000,0x00000007a0c58000,0x00000007a1800000)
  to   space 11776K, 0% used [0x00000007a1880000,0x00000007a1880000,0x00000007a2400000)
 ParOldGen       total 212992K, used 35313K [0x0000000688800000, 0x0000000695800000, 0x0000000758300000)
  object space 212992K, 16% used [0x0000000688800000,0x000000068aa7c438,0x0000000695800000)
 Metaspace       used 19421K, capacity 20417K, committed 20736K, reserved 1067008K
  class space    used 2698K, capacity 3257K, committed 3328K, reserved 1048576K
Event: 36.972 GC heap after
Heap after GC invocations=30 (full 0):
 PSYoungGen      total 615936K, used 432K [0x0000000758300000, 0x00000007a1900000, 0x00000007c0000000)
  eden space 615424K, 0% used [0x0000000758300000,0x0000000758300000,0x000000077dc00000)
  from space 512K, 84% used [0x00000007a1880000,0x00000007a18ec350,0x00000007a1900000)
  to   space 10752K, 0% used [0x00000007a0400000,0x00000007a0400000,0x00000007a0e80000)
 ParOldGen       total 212992K, used 35465K [0x0000000688800000, 0x0000000695800000, 0x0000000758300000)
  object space 212992K, 16% used [0x0000000688800000,0x000000068aaa2438,0x0000000695800000)
 Metaspace       used 19421K, capacity 20417K, committed 20736K, reserved 1067008K
  class space    used 2698K, capacity 3257K, committed 3328K, reserved 1048576K
}

