# JRE version: OpenJDK Runtime Environment (Zulu 8.72.0.17-CA-linux64) (8.0_382-b05) (build 1.8.0_382-b05)
# Java VM: OpenJDK 64-Bit Server VM (25.382-b05 mixed mode linux-amd64 compressed oops)
Heap:
 PSYoungGen      total 615936K, used 517323K [0x0000000758300000, 0x00000007a1880000, 0x00000007c0000000)
  eden space 615424K, 83% used [0x0000000758300000,0x0000000777bd6a60,0x000000077dc00000)
  from space 512K, 72% used [0x00000007a1800000,0x00000007a185c350,0x00000007a1880000)
  to   space 10752K, 0% used [0x00000007a0380000,0x00000007a0380000,0x00000007a0e00000)
 ParOldGen       total 212992K, used 36063K [0x0000000688800000, 0x0000000695800000, 0x0000000758300000)
  object space 212992K, 16% used [0x0000000688800000,0x000000068ab37fb8,0x0000000695800000)
 Metaspace       used 19410K, capacity 20433K, committed 20736K, reserved 1067008K
  class space    used 2698K, capacity 3257K, committed 3328K, reserved 1048576K
GC Heap History (10 events):
Event: 36.206 GC heap before
{Heap before GC invocations=26 (full 0):
 PSYoungGen      total 787968K, used 772992K [0x0000000758300000, 0x00000007a3e00000, 0x00000007c0000000)
  eden space 772608K, 100% used [0x0000000758300000,0x0000000787580000,0x0000000787580000)
  from space 15360K, 2% used [0x00000007a2000000,0x00000007a2060000,0x00000007a2f00000)
  to   space 14848K, 0% used [0x00000007a2f80000,0x00000007a2f80000,0x00000007a3e00000)
 ParOldGen       total 212992K, used 35239K [0x0000000688800000, 0x0000000695800000, 0x0000000758300000)
  object space 212992K, 16% used [0x0000000688800000,0x000000068aa69fb8,0x0000000695800000)
 Metaspace       used 19409K, capacity 20433K, committed 20736K, reserved 1067008K
  class space    used 2698K, capacity 3257K, committed 3328K, reserved 1048576K
Event: 36.207 GC heap after
Heap after GC invocations=26 (full 0):
 PSYoungGen      total 738304K, used 320K [0x0000000758300000, 0x00000007a3000000, 0x00000007c0000000)
  eden space 737792K, 0% used [0x0000000758300000,0x0000000758300000,0x0000000785380000)
  from space 512K, 62% used [0x00000007a2f80000,0x00000007a2fd0000,0x00000007a3000000)
  to   space 13824K, 0% used [0x00000007a1500000,0x00000007a1500000,0x00000007a2280000)
 ParOldGen       total 212992K, used 35423K [0x0000000688800000, 0x0000000695800000, 0x0000000758300000)
  object space 212992K, 16% used [0x0000000688800000,0x000000068aa97fb8,0x0000000695800000)
 Metaspace       used 19409K, capacity 20433K, committed 20736K, reserved 1067008K
  class space    used 2698K, capacity 3257K, committed 3328K, reserved 1048576K
}
Event: 37.180 GC heap before
{Heap before GC invocations=27 (full 0):
 PSYoungGen      total 738304K, used 738112K [0x0000000758300000, 0x00000007a3000000, 0x00000007c0000000)
  eden space 737792K, 100% used [0x0000000758300000,0x0000000785380000,0x0000000785380000)
  from space 512K, 62% used [0x00000007a2f80000,0x00000007a2fd0000,0x00000007a3000000)
  to   space 13824K, 0% used [0x00000007a1500000,0x00000007a1500000,0x00000007a2280000)
 ParOldGen       total 212992K, used 35423K [0x0000000688800000, 0x0000000695800000, 0x0000000758300000)
  object space 212992K, 16% used [0x0000000688800000,0x000000068aa97fb8,0x0000000695800000)
 Metaspace       used 19409K, capacity 20433K, committed 20736K, reserved 1067008K
  class space    used 2698K, capacity 3257K, committed 3328K, reserved 1048576K
Event: 37.181 GC heap after
Heap after GC invocations=27 (full 0):
 PSYoungGen      total 718336K, used 416K [0x0000000758300000, 0x00000007a3000000, 0x00000007c0000000)
  eden space 704512K, 0% used [0x0000000758300000,0x0000000758300000,0x0000000783300000)
  from space 13824K, 3% used [0x00000007a1500000,0x00000007a1568000,0x00000007a2280000)
  to   space 13312K, 0% used [0x00000007a2300000,0x00000007a2300000,0x00000007a3000000)
 ParOldGen       total 212992K, used 35591K [0x0000000688800000, 0x0000000695800000, 0x0000000758300000)
  object space 212992K, 16% used [0x0000000688800000,0x000000068aac1fb8,0x0000000695800000)
 Metaspace       used 19409K, capacity 20433K, committed 20736K, reserved 1067008K
  class space    used 2698K, capacity 3257K, committed 3328K, reserved 1048576K
}
Event: 37.878 GC heap before
{Heap before GC invocations=28 (full 0):
 PSYoungGen      total 718336K, used 704928K [0x0000000758300000, 0x00000007a3000000, 0x00000007c0000000)
  eden space 704512K, 100% used [0x0000000758300000,0x0000000783300000,0x0000000783300000)
  from space 13824K, 3% used [0x00000007a1500000,0x00000007a1568000,0x00000007a2280000)
  to   space 13312K, 0% used [0x00000007a2300000,0x00000007a2300000,0x00000007a3000000)
 ParOldGen       total 212992K, used 35591K [0x0000000688800000, 0x0000000695800000, 0x0000000758300000)
  object space 212992K, 16% used [0x0000000688800000,0x000000068aac1fb8,0x0000000695800000)
 Metaspace       used 19409K, capacity 20433K, committed 20736K, reserved 1067008K
  class space    used 2698K, capacity 3257K, committed 3328K, reserved 1048576K
Event: 37.879 GC heap after
Heap after GC invocations=28 (full 0):
 PSYoungGen      total 673792K, used 352K [0x0000000758300000, 0x00000007a2380000, 0x00000007c0000000)
  eden space 673280K, 0% used [0x0000000758300000,0x0000000758300000,0x0000000781480000)
  from space 512K, 68% used [0x00000007a2300000,0x00000007a2358000,0x00000007a2380000)
  to   space 12288K, 0% used [0x00000007a0b80000,0x00000007a0b80000,0x00000007a1780000)
 ParOldGen       total 212992K, used 35767K [0x0000000688800000, 0x0000000695800000, 0x0000000758300000)
  object space 212992K, 16% used [0x0000000688800000,0x000000068aaedfb8,0x0000000695800000)
 Metaspace       used 19409K, capacity 20433K, committed 20736K, reserved 1067008K
  class space    used 2698K, capacity 3257K, committed 3328K, reserved 1048576K
}
Event: 39.048 GC heap before
{Heap before GC invocations=29 (full 0):
 PSYoungGen      total 673792K, used 673632K [0x0000000758300000, 0x00000007a2380000, 0x00000007c0000000)
  eden space 673280K, 100% used [0x0000000758300000,0x0000000781480000,0x0000000781480000)
  from space 512K, 68% used [0x00000007a2300000,0x00000007a2358000,0x00000007a2380000)
  to   space 12288K, 0% used [0x00000007a0b80000,0x00000007a0b80000,0x00000007a1780000)
 ParOldGen       total 212992K, used 35767K [0x0000000688800000, 0x0000000695800000, 0x0000000758300000)
  object space 212992K, 16% used [0x0000000688800000,0x000000068aaedfb8,0x0000000695800000)
 Metaspace       used 19409K, capacity 20433K, committed 20736K, reserved 1067008K
  class space    used 2698K, capacity 3257K, committed 3328K, reserved 1048576K
Event: 39.050 GC heap after
Heap after GC invocations=29 (full 0):
 PSYoungGen      total 655872K, used 352K [0x0000000758300000, 0x00000007a2380000, 0x00000007c0000000)
  eden space 643584K, 0% used [0x0000000758300000,0x0000000758300000,0x000000077f780000)
  from space 12288K, 2% used [0x00000007a0b80000,0x00000007a0bd8000,0x00000007a1780000)
  to   space 11776K, 0% used [0x00000007a1800000,0x00000007a1800000,0x00000007a2380000)
 ParOldGen       total 212992K, used 35919K [0x0000000688800000, 0x0000000695800000, 0x0000000758300000)
  object space 212992K, 16% used [0x0000000688800000,0x000000068ab13fb8,0x0000000695800000)
 Metaspace       used 19409K, capacity 20433K, committed 20736K, reserved 1067008K
  class space    used 2698K, capacity 3257K, committed 3328K, reserved 1048576K
}
Event: 39.653 GC heap before
{Heap before GC invocations=30 (full 0):
 PSYoungGen      total 655872K, used 643936K [0x0000000758300000, 0x00000007a2380000, 0x00000007c0000000)
  eden space 643584K, 100% used [0x0000000758300000,0x000000077f780000,0x000000077f780000)
  from space 12288K, 2% used [0x00000007a0b80000,0x00000007a0bd8000,0x00000007a1780000)
  to   space 11776K, 0% used [0x00000007a1800000,0x00000007a1800000,0x00000007a2380000)
 ParOldGen       total 212992K, used 35919K [0x0000000688800000, 0x0000000695800000, 0x0000000758300000)
  object space 212992K, 16% used [0x0000000688800000,0x000000068ab13fb8,0x0000000695800000)
 Metaspace       used 19410K, capacity 20433K, committed 20736K, reserved 1067008K
  class space    used 2698K, capacity 3257K, committed 3328K, reserved 1048576K
Event: 39.654 GC heap after
Heap after GC invocations=30 (full 0):
 PSYoungGen      total 615936K, used 368K [0x0000000758300000, 0x00000007a1880000, 0x00000007c0000000)
  eden space 615424K, 0% used [0x0000000758300000,0x0000000758300000,0x000000077dc00000)
  from space 512K, 72% used [0x00000007a1800000,0x00000007a185c350,0x00000007a1880000)
  to   space 10752K, 0% used [0x00000007a0380000,0x00000007a0380000,0x00000007a0e00000)
 ParOldGen       total 212992K, used 36063K [0x0000000688800000, 0x0000000695800000, 0x0000000758300000)
  object space 212992K, 16% used [0x0000000688800000,0x000000068ab37fb8,0x0000000695800000)
 Metaspace       used 19410K, capacity 20433K, committed 20736K, reserved 1067008K
  class space    used 2698K, capacity 3257K, committed 3328K, reserved 1048576K
}

