# JRE version: OpenJDK Runtime Environment (Zulu 8.72.0.17-CA-linux64) (8.0_382-b05) (build 1.8.0_382-b05)
# Java VM: OpenJDK 64-Bit Server VM (25.382-b05 mixed mode linux-amd64 compressed oops)
Heap:
 PSYoungGen      total 258560K, used 98442K [0x0000000758300000, 0x000000077ee80000, 0x00000007c0000000)
  eden space 258048K, 38% used [0x0000000758300000,0x000000075e2c2a70,0x0000000767f00000)
  from space 512K, 75% used [0x000000077ed80000,0x000000077ede0000,0x000000077ee00000)
  to   space 512K, 0% used [0x000000077ee00000,0x000000077ee00000,0x000000077ee80000)
 ParOldGen       total 212992K, used 63563K [0x0000000688800000, 0x0000000695800000, 0x0000000758300000)
  object space 212992K, 29% used [0x0000000688800000,0x000000068c612f38,0x0000000695800000)
 Metaspace       used 19441K, capacity 20489K, committed 20736K, reserved 1067008K
  class space    used 2698K, capacity 3257K, committed 3328K, reserved 1048576K
GC Heap History (10 events):
Event: 83.143 GC heap before
{Heap before GC invocations=177 (full 0):
 PSYoungGen      total 314880K, used 314783K [0x0000000758300000, 0x000000077ee80000, 0x00000007c0000000)
  eden space 314368K, 99% used [0x0000000758300000,0x000000076b5fffd8,0x000000076b600000)
  from space 512K, 81% used [0x000000077ee00000,0x000000077ee68000,0x000000077ee80000)
  to   space 512K, 0% used [0x000000077ed80000,0x000000077ed80000,0x000000077ee00000)
 ParOldGen       total 212992K, used 63243K [0x0000000688800000, 0x0000000695800000, 0x0000000758300000)
  object space 212992K, 29% used [0x0000000688800000,0x000000068c5c2f38,0x0000000695800000)
 Metaspace       used 19441K, capacity 20489K, committed 20736K, reserved 1067008K
  class space    used 2698K, capacity 3257K, committed 3328K, reserved 1048576K
Event: 83.145 GC heap after
Heap after GC invocations=177 (full 0):
 PSYoungGen      total 302592K, used 384K [0x0000000758300000, 0x000000077ee80000, 0x00000007c0000000)
  eden space 302080K, 0% used [0x0000000758300000,0x0000000758300000,0x000000076aa00000)
  from space 512K, 75% used [0x000000077ed80000,0x000000077ede0000,0x000000077ee00000)
  to   space 512K, 0% used [0x000000077ee00000,0x000000077ee00000,0x000000077ee80000)
 ParOldGen       total 212992K, used 63315K [0x0000000688800000, 0x0000000695800000, 0x0000000758300000)
  object space 212992K, 29% used [0x0000000688800000,0x000000068c5d4f38,0x0000000695800000)
 Metaspace       used 19441K, capacity 20489K, committed 20736K, reserved 1067008K
  class space    used 2698K, capacity 3257K, committed 3328K, reserved 1048576K
}
Event: 83.514 GC heap before
{Heap before GC invocations=178 (full 0):
 PSYoungGen      total 302592K, used 302464K [0x0000000758300000, 0x000000077ee80000, 0x00000007c0000000)
  eden space 302080K, 100% used [0x0000000758300000,0x000000076aa00000,0x000000076aa00000)
  from space 512K, 75% used [0x000000077ed80000,0x000000077ede0000,0x000000077ee00000)
  to   space 512K, 0% used [0x000000077ee00000,0x000000077ee00000,0x000000077ee80000)
 ParOldGen       total 212992K, used 63315K [0x0000000688800000, 0x0000000695800000, 0x0000000758300000)
  object space 212992K, 29% used [0x0000000688800000,0x000000068c5d4f38,0x0000000695800000)
 Metaspace       used 19441K, capacity 20489K, committed 20736K, reserved 1067008K
  class space    used 2698K, capacity 3257K, committed 3328K, reserved 1048576K
Event: 83.515 GC heap after
Heap after GC invocations=178 (full 0):
 PSYoungGen      total 290816K, used 384K [0x0000000758300000, 0x000000077ee80000, 0x00000007c0000000)
  eden space 290304K, 0% used [0x0000000758300000,0x0000000758300000,0x0000000769e80000)
  from space 512K, 75% used [0x000000077ee00000,0x000000077ee60000,0x000000077ee80000)
  to   space 512K, 0% used [0x000000077ed80000,0x000000077ed80000,0x000000077ee00000)
 ParOldGen       total 212992K, used 63379K [0x0000000688800000, 0x0000000695800000, 0x0000000758300000)
  object space 212992K, 29% used [0x0000000688800000,0x000000068c5e4f38,0x0000000695800000)
 Metaspace       used 19441K, capacity 20489K, committed 20736K, reserved 1067008K
  class space    used 2698K, capacity 3257K, committed 3328K, reserved 1048576K
}
Event: 83.919 GC heap before
{Heap before GC invocations=179 (full 0):
 PSYoungGen      total 290816K, used 290688K [0x0000000758300000, 0x000000077ee80000, 0x00000007c0000000)
  eden space 290304K, 100% used [0x0000000758300000,0x0000000769e80000,0x0000000769e80000)
  from space 512K, 75% used [0x000000077ee00000,0x000000077ee60000,0x000000077ee80000)
  to   space 512K, 0% used [0x000000077ed80000,0x000000077ed80000,0x000000077ee00000)
 ParOldGen       total 212992K, used 63379K [0x0000000688800000, 0x0000000695800000, 0x0000000758300000)
  object space 212992K, 29% used [0x0000000688800000,0x000000068c5e4f38,0x0000000695800000)
 Metaspace       used 19441K, capacity 20489K, committed 20736K, reserved 1067008K
  class space    used 2698K, capacity 3257K, committed 3328K, reserved 1048576K
Event: 83.922 GC heap after
Heap after GC invocations=179 (full 0):
 PSYoungGen      total 279552K, used 384K [0x0000000758300000, 0x000000077ee80000, 0x00000007c0000000)
  eden space 279040K, 0% used [0x0000000758300000,0x0000000758300000,0x0000000769380000)
  from space 512K, 75% used [0x000000077ed80000,0x000000077ede0000,0x000000077ee00000)
  to   space 512K, 0% used [0x000000077ee00000,0x000000077ee00000,0x000000077ee80000)
 ParOldGen       total 212992K, used 63435K [0x0000000688800000, 0x0000000695800000, 0x0000000758300000)
  object space 212992K, 29% used [0x0000000688800000,0x000000068c5f2f38,0x0000000695800000)
 Metaspace       used 19441K, capacity 20489K, committed 20736K, reserved 1067008K
  class space    used 2698K, capacity 3257K, committed 3328K, reserved 1048576K
}
Event: 84.297 GC heap before
{Heap before GC invocations=180 (full 0):
 PSYoungGen      total 279552K, used 279424K [0x0000000758300000, 0x000000077ee80000, 0x00000007c0000000)
  eden space 279040K, 100% used [0x0000000758300000,0x0000000769380000,0x0000000769380000)
  from space 512K, 75% used [0x000000077ed80000,0x000000077ede0000,0x000000077ee00000)
  to   space 512K, 0% used [0x000000077ee00000,0x000000077ee00000,0x000000077ee80000)
 ParOldGen       total 212992K, used 63435K [0x0000000688800000, 0x0000000695800000, 0x0000000758300000)
  object space 212992K, 29% used [0x0000000688800000,0x000000068c5f2f38,0x0000000695800000)
 Metaspace       used 19441K, capacity 20489K, committed 20736K, reserved 1067008K
  class space    used 2698K, capacity 3257K, committed 3328K, reserved 1048576K
Event: 84.298 GC heap after
Heap after GC invocations=180 (full 0):
 PSYoungGen      total 268800K, used 384K [0x0000000758300000, 0x000000077ee80000, 0x00000007c0000000)
  eden space 268288K, 0% used [0x0000000758300000,0x0000000758300000,0x0000000768900000)
  from space 512K, 75% used [0x000000077ee00000,0x000000077ee60000,0x000000077ee80000)
  to   space 512K, 0% used [0x000000077ed80000,0x000000077ed80000,0x000000077ee00000)
 ParOldGen       total 212992K, used 63499K [0x0000000688800000, 0x0000000695800000, 0x0000000758300000)
  object space 212992K, 29% used [0x0000000688800000,0x000000068c602f38,0x0000000695800000)
 Metaspace       used 19441K, capacity 20489K, committed 20736K, reserved 1067008K
  class space    used 2698K, capacity 3257K, committed 3328K, reserved 1048576K
}
Event: 84.624 GC heap before
{Heap before GC invocations=181 (full 0):
 PSYoungGen      total 268800K, used 268672K [0x0000000758300000, 0x000000077ee80000, 0x00000007c0000000)
  eden space 268288K, 100% used [0x0000000758300000,0x0000000768900000,0x0000000768900000)
  from space 512K, 75% used [0x000000077ee00000,0x000000077ee60000,0x000000077ee80000)
  to   space 512K, 0% used [0x000000077ed80000,0x000000077ed80000,0x000000077ee00000)
 ParOldGen       total 212992K, used 63499K [0x0000000688800000, 0x0000000695800000, 0x0000000758300000)
  object space 212992K, 29% used [0x0000000688800000,0x000000068c602f38,0x0000000695800000)
 Metaspace       used 19441K, capacity 20489K, committed 20736K, reserved 1067008K
  class space    used 2698K, capacity 3257K, committed 3328K, reserved 1048576K
Event: 84.626 GC heap after
Heap after GC invocations=181 (full 0):
 PSYoungGen      total 258560K, used 384K [0x0000000758300000, 0x000000077ee80000, 0x00000007c0000000)
  eden space 258048K, 0% used [0x0000000758300000,0x0000000758300000,0x0000000767f00000)
  from space 512K, 75% used [0x000000077ed80000,0x000000077ede0000,0x000000077ee00000)
  to   space 512K, 0% used [0x000000077ee00000,0x000000077ee00000,0x000000077ee80000)
 ParOldGen       total 212992K, used 63563K [0x0000000688800000, 0x0000000695800000, 0x0000000758300000)
  object space 212992K, 29% used [0x0000000688800000,0x000000068c612f38,0x0000000695800000)
 Metaspace       used 19441K, capacity 20489K, committed 20736K, reserved 1067008K
  class space    used 2698K, capacity 3257K, committed 3328K, reserved 1048576K
}

