# JRE version: OpenJDK Runtime Environment (Zulu 8.72.0.17-CA-linux64) (8.0_382-b05) (build 1.8.0_382-b05)
# Java VM: OpenJDK 64-Bit Server VM (25.382-b05 mixed mode linux-amd64 compressed oops)
Heap:
 PSYoungGen      total 131072K, used 83127K [0x0000000758300000, 0x000000077df80000, 0x00000007c0000000)
  eden space 129536K, 64% used [0x0000000758300000,0x000000075d3f5d68,0x0000000760180000)
  from space 1536K, 14% used [0x000000077dc80000,0x000000077dcb8000,0x000000077de00000)
  to   space 1536K, 0% used [0x000000077de00000,0x000000077de00000,0x000000077df80000)
 ParOldGen       total 212992K, used 36187K [0x0000000688800000, 0x0000000695800000, 0x0000000758300000)
  object space 212992K, 16% used [0x0000000688800000,0x000000068ab56fe0,0x0000000695800000)
 Metaspace       used 19422K, capacity 20417K, committed 20736K, reserved 1067008K
  class space    used 2698K, capacity 3257K, committed 3328K, reserved 1048576K
GC Heap History (10 events):
Event: 39.294 GC heap before
{Heap before GC invocations=55 (full 0):
 PSYoungGen      total 151552K, used 151264K [0x0000000758300000, 0x000000077e200000, 0x00000007c0000000)
  eden space 151040K, 100% used [0x0000000758300000,0x0000000761680000,0x0000000761680000)
  from space 512K, 43% used [0x000000077e180000,0x000000077e1b8000,0x000000077e200000)
  to   space 2048K, 0% used [0x000000077de00000,0x000000077de00000,0x000000077e000000)
 ParOldGen       total 212992K, used 35899K [0x0000000688800000, 0x0000000695800000, 0x0000000758300000)
  object space 212992K, 16% used [0x0000000688800000,0x000000068ab0ec90,0x0000000695800000)
 Metaspace       used 19422K, capacity 20417K, committed 20736K, reserved 1067008K
  class space    used 2698K, capacity 3257K, committed 3328K, reserved 1048576K
Event: 39.295 GC heap after
Heap after GC invocations=55 (full 0):
 PSYoungGen      total 148480K, used 248K [0x0000000758300000, 0x000000077e200000, 0x00000007c0000000)
  eden space 146432K, 0% used [0x0000000758300000,0x0000000758300000,0x0000000761200000)
  from space 2048K, 12% used [0x000000077de00000,0x000000077de3e1a8,0x000000077e000000)
  to   space 2048K, 0% used [0x000000077e000000,0x000000077e000000,0x000000077e200000)
 ParOldGen       total 212992K, used 35955K [0x0000000688800000, 0x0000000695800000, 0x0000000758300000)
  object space 212992K, 16% used [0x0000000688800000,0x000000068ab1cc90,0x0000000695800000)
 Metaspace       used 19422K, capacity 20417K, committed 20736K, reserved 1067008K
  class space    used 2698K, capacity 3257K, committed 3328K, reserved 1048576K
}
Event: 39.437 GC heap before
{Heap before GC invocations=56 (full 0):
 PSYoungGen      total 148480K, used 146680K [0x0000000758300000, 0x000000077e200000, 0x00000007c0000000)
  eden space 146432K, 100% used [0x0000000758300000,0x0000000761200000,0x0000000761200000)
  from space 2048K, 12% used [0x000000077de00000,0x000000077de3e1a8,0x000000077e000000)
  to   space 2048K, 0% used [0x000000077e000000,0x000000077e000000,0x000000077e200000)
 ParOldGen       total 212992K, used 35955K [0x0000000688800000, 0x0000000695800000, 0x0000000758300000)
  object space 212992K, 16% used [0x0000000688800000,0x000000068ab1cc90,0x0000000695800000)
 Metaspace       used 19422K, capacity 20417K, committed 20736K, reserved 1067008K
  class space    used 2698K, capacity 3257K, committed 3328K, reserved 1048576K
Event: 39.438 GC heap after
Heap after GC invocations=56 (full 0):
 PSYoungGen      total 142336K, used 248K [0x0000000758300000, 0x000000077e080000, 0x00000007c0000000)
  eden space 141824K, 0% used [0x0000000758300000,0x0000000758300000,0x0000000760d80000)
  from space 512K, 48% used [0x000000077e000000,0x000000077e03e1a8,0x000000077e080000)
  to   space 2048K, 0% used [0x000000077dc80000,0x000000077dc80000,0x000000077de80000)
 ParOldGen       total 212992K, used 36027K [0x0000000688800000, 0x0000000695800000, 0x0000000758300000)
  object space 212992K, 16% used [0x0000000688800000,0x000000068ab2ee38,0x0000000695800000)
 Metaspace       used 19422K, capacity 20417K, committed 20736K, reserved 1067008K
  class space    used 2698K, capacity 3257K, committed 3328K, reserved 1048576K
}
Event: 39.571 GC heap before
{Heap before GC invocations=57 (full 0):
 PSYoungGen      total 142336K, used 142072K [0x0000000758300000, 0x000000077e080000, 0x00000007c0000000)
  eden space 141824K, 100% used [0x0000000758300000,0x0000000760d80000,0x0000000760d80000)
  from space 512K, 48% used [0x000000077e000000,0x000000077e03e1a8,0x000000077e080000)
  to   space 2048K, 0% used [0x000000077dc80000,0x000000077dc80000,0x000000077de80000)
 ParOldGen       total 212992K, used 36027K [0x0000000688800000, 0x0000000695800000, 0x0000000758300000)
  object space 212992K, 16% used [0x0000000688800000,0x000000068ab2ee38,0x0000000695800000)
 Metaspace       used 19422K, capacity 20417K, committed 20736K, reserved 1067008K
  class space    used 2698K, capacity 3257K, committed 3328K, reserved 1048576K
Event: 39.572 GC heap after
Heap after GC invocations=57 (full 0):
 PSYoungGen      total 139776K, used 224K [0x0000000758300000, 0x000000077e080000, 0x00000007c0000000)
  eden space 137728K, 0% used [0x0000000758300000,0x0000000758300000,0x0000000760980000)
  from space 2048K, 10% used [0x000000077dc80000,0x000000077dcb8000,0x000000077de80000)
  to   space 1536K, 0% used [0x000000077df00000,0x000000077df00000,0x000000077e080000)
 ParOldGen       total 212992K, used 36099K [0x0000000688800000, 0x0000000695800000, 0x0000000758300000)
  object space 212992K, 16% used [0x0000000688800000,0x000000068ab40fe0,0x0000000695800000)
 Metaspace       used 19422K, capacity 20417K, committed 20736K, reserved 1067008K
  class space    used 2698K, capacity 3257K, committed 3328K, reserved 1048576K
}
Event: 39.981 GC heap before
{Heap before GC invocations=58 (full 0):
 PSYoungGen      total 139776K, used 137952K [0x0000000758300000, 0x000000077e080000, 0x00000007c0000000)
  eden space 137728K, 100% used [0x0000000758300000,0x0000000760980000,0x0000000760980000)
  from space 2048K, 10% used [0x000000077dc80000,0x000000077dcb8000,0x000000077de80000)
  to   space 1536K, 0% used [0x000000077df00000,0x000000077df00000,0x000000077e080000)
 ParOldGen       total 212992K, used 36099K [0x0000000688800000, 0x0000000695800000, 0x0000000758300000)
  object space 212992K, 16% used [0x0000000688800000,0x000000068ab40fe0,0x0000000695800000)
 Metaspace       used 19422K, capacity 20417K, committed 20736K, reserved 1067008K
  class space    used 2698K, capacity 3257K, committed 3328K, reserved 1048576K
Event: 39.982 GC heap after
Heap after GC invocations=58 (full 0):
 PSYoungGen      total 134144K, used 288K [0x0000000758300000, 0x000000077df80000, 0x00000007c0000000)
  eden space 133632K, 0% used [0x0000000758300000,0x0000000758300000,0x0000000760580000)
  from space 512K, 56% used [0x000000077df00000,0x000000077df48000,0x000000077df80000)
  to   space 1536K, 0% used [0x000000077dc80000,0x000000077dc80000,0x000000077de00000)
 ParOldGen       total 212992K, used 36139K [0x0000000688800000, 0x0000000695800000, 0x0000000758300000)
  object space 212992K, 16% used [0x0000000688800000,0x000000068ab4afe0,0x0000000695800000)
 Metaspace       used 19422K, capacity 20417K, committed 20736K, reserved 1067008K
  class space    used 2698K, capacity 3257K, committed 3328K, reserved 1048576K
}
Event: 40.114 GC heap before
{Heap before GC invocations=59 (full 0):
 PSYoungGen      total 134144K, used 133920K [0x0000000758300000, 0x000000077df80000, 0x00000007c0000000)
  eden space 133632K, 100% used [0x0000000758300000,0x0000000760580000,0x0000000760580000)
  from space 512K, 56% used [0x000000077df00000,0x000000077df48000,0x000000077df80000)
  to   space 1536K, 0% used [0x000000077dc80000,0x000000077dc80000,0x000000077de00000)
 ParOldGen       total 212992K, used 36139K [0x0000000688800000, 0x0000000695800000, 0x0000000758300000)
  object space 212992K, 16% used [0x0000000688800000,0x000000068ab4afe0,0x0000000695800000)
 Metaspace       used 19422K, capacity 20417K, committed 20736K, reserved 1067008K
  class space    used 2698K, capacity 3257K, committed 3328K, reserved 1048576K
Event: 40.115 GC heap after
Heap after GC invocations=59 (full 0):
 PSYoungGen      total 131072K, used 224K [0x0000000758300000, 0x000000077df80000, 0x00000007c0000000)
  eden space 129536K, 0% used [0x0000000758300000,0x0000000758300000,0x0000000760180000)
  from space 1536K, 14% used [0x000000077dc80000,0x000000077dcb8000,0x000000077de00000)
  to   space 1536K, 0% used [0x000000077de00000,0x000000077de00000,0x000000077df80000)
 ParOldGen       total 212992K, used 36187K [0x0000000688800000, 0x0000000695800000, 0x0000000758300000)
  object space 212992K, 16% used [0x0000000688800000,0x000000068ab56fe0,0x0000000695800000)
 Metaspace       used 19422K, capacity 20417K, committed 20736K, reserved 1067008K
  class space    used 2698K, capacity 3257K, committed 3328K, reserved 1048576K
}

