# JRE version: OpenJDK Runtime Environment (Zulu 8.72.0.17-CA-linux64) (8.0_382-b05) (build 1.8.0_382-b05)
# Java VM: OpenJDK 64-Bit Server VM (25.382-b05 mixed mode linux-amd64 compressed oops)
Heap:
 PSYoungGen      total 332800K, used 13290K [0x0000000758300000, 0x000000076d500000, 0x00000007c0000000)
  eden space 319488K, 0% used [0x0000000758300000,0x0000000758300000,0x000000076bb00000)
  from space 13312K, 99% used [0x000000076bb00000,0x000000076c7fa900,0x000000076c800000)
  to   space 13312K, 0% used [0x000000076c800000,0x000000076c800000,0x000000076d500000)
 ParOldGen       total 212992K, used 4203K [0x0000000688800000, 0x0000000695800000, 0x0000000758300000)
  object space 212992K, 1% used [0x0000000688800000,0x0000000688c1af98,0x0000000695800000)
 Metaspace       used 18905K, capacity 19939K, committed 20224K, reserved 1067008K
  class space    used 2688K, capacity 3254K, committed 3328K, reserved 1048576K
GC Heap History (9 events):
Event: 3.340 GC heap before
{Heap before GC invocations=1 (full 0):
 PSYoungGen      total 93184K, used 79872K [0x0000000758300000, 0x000000075eb00000, 0x00000007c0000000)
  eden space 79872K, 100% used [0x0000000758300000,0x000000075d100000,0x000000075d100000)
  from space 13312K, 0% used [0x000000075de00000,0x000000075de00000,0x000000075eb00000)
  to   space 13312K, 0% used [0x000000075d100000,0x000000075d100000,0x000000075de00000)
 ParOldGen       total 212992K, used 0K [0x0000000688800000, 0x0000000695800000, 0x0000000758300000)
  object space 212992K, 0% used [0x0000000688800000,0x0000000688800000,0x0000000695800000)
 Metaspace       used 16319K, capacity 17115K, committed 17280K, reserved 1062912K
  class space    used 2427K, capacity 2940K, committed 2944K, reserved 1048576K
Event: 3.384 GC heap after
Heap after GC invocations=1 (full 0):
 PSYoungGen      total 93184K, used 12482K [0x0000000758300000, 0x0000000763900000, 0x00000007c0000000)
  eden space 79872K, 0% used [0x0000000758300000,0x0000000758300000,0x000000075d100000)
  from space 13312K, 93% used [0x000000075d100000,0x000000075dd30960,0x000000075de00000)
  to   space 13312K, 0% used [0x0000000762c00000,0x0000000762c00000,0x0000000763900000)
 ParOldGen       total 212992K, used 24K [0x0000000688800000, 0x0000000695800000, 0x0000000758300000)
  object space 212992K, 0% used [0x0000000688800000,0x0000000688806000,0x0000000695800000)
 Metaspace       used 16319K, capacity 17115K, committed 17280K, reserved 1062912K
  class space    used 2427K, capacity 2940K, committed 2944K, reserved 1048576K
}
Event: 8.516 GC heap before
{Heap before GC invocations=2 (full 0):
 PSYoungGen      total 93184K, used 92354K [0x0000000758300000, 0x0000000763900000, 0x00000007c0000000)
  eden space 79872K, 100% used [0x0000000758300000,0x000000075d100000,0x000000075d100000)
  from space 13312K, 93% used [0x000000075d100000,0x000000075dd30960,0x000000075de00000)
  to   space 13312K, 0% used [0x0000000762c00000,0x0000000762c00000,0x0000000763900000)
 ParOldGen       total 212992K, used 24K [0x0000000688800000, 0x0000000695800000, 0x0000000758300000)
  object space 212992K, 0% used [0x0000000688800000,0x0000000688806000,0x0000000695800000)
 Metaspace       used 16513K, capacity 17375K, committed 17664K, reserved 1064960K
  class space    used 2446K, capacity 2978K, committed 3072K, reserved 1048576K
Event: 8.578 GC heap after
Heap after GC invocations=2 (full 0):
 PSYoungGen      total 173056K, used 8308K [0x0000000758300000, 0x0000000763900000, 0x00000007c0000000)
  eden space 159744K, 0% used [0x0000000758300000,0x0000000758300000,0x0000000761f00000)
  from space 13312K, 62% used [0x0000000762c00000,0x000000076341d3a8,0x0000000763900000)
  to   space 13312K, 0% used [0x0000000761f00000,0x0000000761f00000,0x0000000762c00000)
 ParOldGen       total 212992K, used 32K [0x0000000688800000, 0x0000000695800000, 0x0000000758300000)
  object space 212992K, 0% used [0x0000000688800000,0x0000000688808000,0x0000000695800000)
 Metaspace       used 16513K, capacity 17375K, committed 17664K, reserved 1064960K
  class space    used 2446K, capacity 2978K, committed 3072K, reserved 1048576K
}
Event: 15.106 GC heap before
{Heap before GC invocations=3 (full 0):
 PSYoungGen      total 173056K, used 168052K [0x0000000758300000, 0x0000000763900000, 0x00000007c0000000)
  eden space 159744K, 100% used [0x0000000758300000,0x0000000761f00000,0x0000000761f00000)
  from space 13312K, 62% used [0x0000000762c00000,0x000000076341d3a8,0x0000000763900000)
  to   space 13312K, 0% used [0x0000000761f00000,0x0000000761f00000,0x0000000762c00000)
 ParOldGen       total 212992K, used 32K [0x0000000688800000, 0x0000000695800000, 0x0000000758300000)
  object space 212992K, 0% used [0x0000000688800000,0x0000000688808000,0x0000000695800000)
 Metaspace       used 17250K, capacity 18143K, committed 18432K, reserved 1064960K
  class space    used 2539K, capacity 3058K, committed 3072K, reserved 1048576K
Event: 15.147 GC heap after
Heap after GC invocations=3 (full 0):
 PSYoungGen      total 173056K, used 10714K [0x0000000758300000, 0x000000076d500000, 0x00000007c0000000)
  eden space 159744K, 0% used [0x0000000758300000,0x0000000758300000,0x0000000761f00000)
  from space 13312K, 80% used [0x0000000761f00000,0x0000000762976bf8,0x0000000762c00000)
  to   space 13312K, 0% used [0x000000076c800000,0x000000076c800000,0x000000076d500000)
 ParOldGen       total 212992K, used 40K [0x0000000688800000, 0x0000000695800000, 0x0000000758300000)
  object space 212992K, 0% used [0x0000000688800000,0x000000068880a000,0x0000000695800000)
 Metaspace       used 17250K, capacity 18143K, committed 18432K, reserved 1064960K
  class space    used 2539K, capacity 3058K, committed 3072K, reserved 1048576K
}
Event: 21.059 GC heap before
{Heap before GC invocations=4 (full 0):
 PSYoungGen      total 173056K, used 170458K [0x0000000758300000, 0x000000076d500000, 0x00000007c0000000)
  eden space 159744K, 100% used [0x0000000758300000,0x0000000761f00000,0x0000000761f00000)
  from space 13312K, 80% used [0x0000000761f00000,0x0000000762976bf8,0x0000000762c00000)
  to   space 13312K, 0% used [0x000000076c800000,0x000000076c800000,0x000000076d500000)
 ParOldGen       total 212992K, used 40K [0x0000000688800000, 0x0000000695800000, 0x0000000758300000)
  object space 212992K, 0% used [0x0000000688800000,0x000000068880a000,0x0000000695800000)
 Metaspace       used 18655K, capacity 19679K, committed 19968K, reserved 1067008K
  class space    used 2679K, capacity 3254K, committed 3328K, reserved 1048576K
Event: 21.144 GC heap after
Heap after GC invocations=4 (full 0):
 PSYoungGen      total 332800K, used 13306K [0x0000000758300000, 0x000000076d500000, 0x00000007c0000000)
  eden space 319488K, 0% used [0x0000000758300000,0x0000000758300000,0x000000076bb00000)
  from space 13312K, 99% used [0x000000076c800000,0x000000076d4fe8f0,0x000000076d500000)
  to   space 13312K, 0% used [0x000000076bb00000,0x000000076bb00000,0x000000076c800000)
 ParOldGen       total 212992K, used 4015K [0x0000000688800000, 0x0000000695800000, 0x0000000758300000)
  object space 212992K, 1% used [0x0000000688800000,0x0000000688bebf30,0x0000000695800000)
 Metaspace       used 18655K, capacity 19679K, committed 19968K, reserved 1067008K
  class space    used 2679K, capacity 3254K, committed 3328K, reserved 1048576K
}
Event: 23.460 GC heap before
{Heap before GC invocations=5 (full 0):
 PSYoungGen      total 332800K, used 332794K [0x0000000758300000, 0x000000076d500000, 0x00000007c0000000)
  eden space 319488K, 100% used [0x0000000758300000,0x000000076bb00000,0x000000076bb00000)
  from space 13312K, 99% used [0x000000076c800000,0x000000076d4fe8f0,0x000000076d500000)
  to   space 13312K, 0% used [0x000000076bb00000,0x000000076bb00000,0x000000076c800000)
 ParOldGen       total 212992K, used 4015K [0x0000000688800000, 0x0000000695800000, 0x0000000758300000)
  object space 212992K, 1% used [0x0000000688800000,0x0000000688bebf30,0x0000000695800000)
 Metaspace       used 18905K, capacity 19939K, committed 20224K, reserved 1067008K
  class space    used 2688K, capacity 3254K, committed 3328K, reserved 1048576K

