# JRE version: OpenJDK Runtime Environment (Zulu 8.72.0.17-CA-linux64) (8.0_382-b05) (build 1.8.0_382-b05)
# Java VM: OpenJDK 64-Bit Server VM (25.382-b05 mixed mode linux-amd64 compressed oops)
Heap:
 PSYoungGen      total 851968K, used 392116K [0x0000000758300000, 0x00000007b8a80000, 0x00000007c0000000)
  eden space 851456K, 45% used [0x0000000758300000,0x000000077017d340,0x000000078c280000)
  from space 512K, 87% used [0x00000007b8a00000,0x00000007b8a70000,0x00000007b8a80000)
  to   space 10240K, 0% used [0x00000007b7680000,0x00000007b7680000,0x00000007b8080000)
 ParOldGen       total 212992K, used 36308K [0x0000000688800000, 0x0000000695800000, 0x0000000758300000)
  object space 212992K, 17% used [0x0000000688800000,0x000000068ab75298,0x0000000695800000)
 Metaspace       used 19423K, capacity 20417K, committed 20736K, reserved 1067008K
  class space    used 2698K, capacity 3257K, committed 3328K, reserved 1048576K
GC Heap History (10 events):
Event: 60.752 GC heap before
{Heap before GC invocations=26 (full 0):
 PSYoungGen      total 1091584K, used 1077720K [0x0000000758300000, 0x00000007bad80000, 0x00000007c0000000)
  eden space 1077248K, 100% used [0x0000000758300000,0x0000000799f00000,0x0000000799f00000)
  from space 14336K, 3% used [0x00000007b9180000,0x00000007b91f61a8,0x00000007b9f80000)
  to   space 13824K, 0% used [0x00000007ba000000,0x00000007ba000000,0x00000007bad80000)
 ParOldGen       total 212992K, used 35227K [0x0000000688800000, 0x0000000695800000, 0x0000000758300000)
  object space 212992K, 16% used [0x0000000688800000,0x000000068aa66f48,0x0000000695800000)
 Metaspace       used 19420K, capacity 20417K, committed 20736K, reserved 1067008K
  class space    used 2698K, capacity 3257K, committed 3328K, reserved 1048576K
Event: 60.756 GC heap after
Heap after GC invocations=26 (full 0):
 PSYoungGen      total 1028096K, used 384K [0x0000000758300000, 0x00000007ba080000, 0x00000007c0000000)
  eden space 1027584K, 0% used [0x0000000758300000,0x0000000758300000,0x0000000796e80000)
  from space 512K, 75% used [0x00000007ba000000,0x00000007ba060000,0x00000007ba080000)
  to   space 13312K, 0% used [0x00000007b8680000,0x00000007b8680000,0x00000007b9380000)
 ParOldGen       total 212992K, used 35500K [0x0000000688800000, 0x0000000695800000, 0x0000000758300000)
  object space 212992K, 16% used [0x0000000688800000,0x000000068aaab298,0x0000000695800000)
 Metaspace       used 19420K, capacity 20417K, committed 20736K, reserved 1067008K
  class space    used 2698K, capacity 3257K, committed 3328K, reserved 1048576K
}
Event: 63.406 GC heap before
{Heap before GC invocations=27 (full 0):
 PSYoungGen      total 1028096K, used 1027968K [0x0000000758300000, 0x00000007ba080000, 0x00000007c0000000)
  eden space 1027584K, 100% used [0x0000000758300000,0x0000000796e80000,0x0000000796e80000)
  from space 512K, 75% used [0x00000007ba000000,0x00000007ba060000,0x00000007ba080000)
  to   space 13312K, 0% used [0x00000007b8680000,0x00000007b8680000,0x00000007b9380000)
 ParOldGen       total 212992K, used 35500K [0x0000000688800000, 0x0000000695800000, 0x0000000758300000)
  object space 212992K, 16% used [0x0000000688800000,0x000000068aaab298,0x0000000695800000)
 Metaspace       used 19420K, capacity 20417K, committed 20736K, reserved 1067008K
  class space    used 2698K, capacity 3257K, committed 3328K, reserved 1048576K
Event: 63.409 GC heap after
Heap after GC invocations=27 (full 0):
 PSYoungGen      total 993280K, used 416K [0x0000000758300000, 0x00000007ba080000, 0x00000007c0000000)
  eden space 979968K, 0% used [0x0000000758300000,0x0000000758300000,0x0000000794000000)
  from space 13312K, 3% used [0x00000007b8680000,0x00000007b86e8000,0x00000007b9380000)
  to   space 12288K, 0% used [0x00000007b9480000,0x00000007b9480000,0x00000007ba080000)
 ParOldGen       total 212992K, used 35708K [0x0000000688800000, 0x0000000695800000, 0x0000000758300000)
  object space 212992K, 16% used [0x0000000688800000,0x000000068aadf298,0x0000000695800000)
 Metaspace       used 19420K, capacity 20417K, committed 20736K, reserved 1067008K
  class space    used 2698K, capacity 3257K, committed 3328K, reserved 1048576K
}
Event: 65.552 GC heap before
{Heap before GC invocations=28 (full 0):
 PSYoungGen      total 993280K, used 980384K [0x0000000758300000, 0x00000007ba080000, 0x00000007c0000000)
  eden space 979968K, 100% used [0x0000000758300000,0x0000000794000000,0x0000000794000000)
  from space 13312K, 3% used [0x00000007b8680000,0x00000007b86e8000,0x00000007b9380000)
  to   space 12288K, 0% used [0x00000007b9480000,0x00000007b9480000,0x00000007ba080000)
 ParOldGen       total 212992K, used 35708K [0x0000000688800000, 0x0000000695800000, 0x0000000758300000)
  object space 212992K, 16% used [0x0000000688800000,0x000000068aadf298,0x0000000695800000)
 Metaspace       used 19423K, capacity 20417K, committed 20736K, reserved 1067008K
  class space    used 2698K, capacity 3257K, committed 3328K, reserved 1048576K
Event: 65.555 GC heap after
Heap after GC invocations=28 (full 0):
 PSYoungGen      total 935424K, used 384K [0x0000000758300000, 0x00000007b9500000, 0x00000007c0000000)
  eden space 934912K, 0% used [0x0000000758300000,0x0000000758300000,0x0000000791400000)
  from space 512K, 75% used [0x00000007b9480000,0x00000007b94e0000,0x00000007b9500000)
  to   space 11776K, 0% used [0x00000007b7e00000,0x00000007b7e00000,0x00000007b8980000)
 ParOldGen       total 212992K, used 35908K [0x0000000688800000, 0x0000000695800000, 0x0000000758300000)
  object space 212992K, 16% used [0x0000000688800000,0x000000068ab11298,0x0000000695800000)
 Metaspace       used 19423K, capacity 20417K, committed 20736K, reserved 1067008K
  class space    used 2698K, capacity 3257K, committed 3328K, reserved 1048576K
}
Event: 67.241 GC heap before
{Heap before GC invocations=29 (full 0):
 PSYoungGen      total 935424K, used 935296K [0x0000000758300000, 0x00000007b9500000, 0x00000007c0000000)
  eden space 934912K, 100% used [0x0000000758300000,0x0000000791400000,0x0000000791400000)
  from space 512K, 75% used [0x00000007b9480000,0x00000007b94e0000,0x00000007b9500000)
  to   space 11776K, 0% used [0x00000007b7e00000,0x00000007b7e00000,0x00000007b8980000)
 ParOldGen       total 212992K, used 35908K [0x0000000688800000, 0x0000000695800000, 0x0000000758300000)
  object space 212992K, 16% used [0x0000000688800000,0x000000068ab11298,0x0000000695800000)
 Metaspace       used 19423K, capacity 20417K, committed 20736K, reserved 1067008K
  class space    used 2698K, capacity 3257K, committed 3328K, reserved 1048576K
Event: 67.248 GC heap after
Heap after GC invocations=29 (full 0):
 PSYoungGen      total 903680K, used 320K [0x0000000758300000, 0x00000007b9500000, 0x00000007c0000000)
  eden space 891904K, 0% used [0x0000000758300000,0x0000000758300000,0x000000078ea00000)
  from space 11776K, 2% used [0x00000007b7e00000,0x00000007b7e50000,0x00000007b8980000)
  to   space 11264K, 0% used [0x00000007b8a00000,0x00000007b8a00000,0x00000007b9500000)
 ParOldGen       total 212992K, used 36108K [0x0000000688800000, 0x0000000695800000, 0x0000000758300000)
  object space 212992K, 16% used [0x0000000688800000,0x000000068ab43298,0x0000000695800000)
 Metaspace       used 19423K, capacity 20417K, committed 20736K, reserved 1067008K
  class space    used 2698K, capacity 3257K, committed 3328K, reserved 1048576K
}
Event: 69.587 GC heap before
{Heap before GC invocations=30 (full 0):
 PSYoungGen      total 903680K, used 892224K [0x0000000758300000, 0x00000007b9500000, 0x00000007c0000000)
  eden space 891904K, 100% used [0x0000000758300000,0x000000078ea00000,0x000000078ea00000)
  from space 11776K, 2% used [0x00000007b7e00000,0x00000007b7e50000,0x00000007b8980000)
  to   space 11264K, 0% used [0x00000007b8a00000,0x00000007b8a00000,0x00000007b9500000)
 ParOldGen       total 212992K, used 36108K [0x0000000688800000, 0x0000000695800000, 0x0000000758300000)
  object space 212992K, 16% used [0x0000000688800000,0x000000068ab43298,0x0000000695800000)
 Metaspace       used 19423K, capacity 20417K, committed 20736K, reserved 1067008K
  class space    used 2698K, capacity 3257K, committed 3328K, reserved 1048576K
Event: 69.590 GC heap after
Heap after GC invocations=30 (full 0):
 PSYoungGen      total 851968K, used 448K [0x0000000758300000, 0x00000007b8a80000, 0x00000007c0000000)
  eden space 851456K, 0% used [0x0000000758300000,0x0000000758300000,0x000000078c280000)
  from space 512K, 87% used [0x00000007b8a00000,0x00000007b8a70000,0x00000007b8a80000)
  to   space 10240K, 0% used [0x00000007b7680000,0x00000007b7680000,0x00000007b8080000)
 ParOldGen       total 212992K, used 36308K [0x0000000688800000, 0x0000000695800000, 0x0000000758300000)
  object space 212992K, 17% used [0x0000000688800000,0x000000068ab75298,0x0000000695800000)
 Metaspace       used 19423K, capacity 20417K, committed 20736K, reserved 1067008K
  class space    used 2698K, capacity 3257K, committed 3328K, reserved 1048576K
}

